[2022-08-30 11:08:15] local.ERROR: There are no commands defined in the "ide-helper" namespace. {"exception":"[object] (Symfony\\Component\\Console\\Exception\\NamespaceNotFoundException(code: 0): There are no commands defined in the \"ide-helper\" namespace. at /Users/mozhui/Personal/playground/cmmicrofinance/vendor/symfony/console/Application.php:622)
[stacktrace]
#0 /Users/mozhui/Personal/playground/cmmicrofinance/vendor/symfony/console/Application.php(673): Symfony\\Component\\Console\\Application->findNamespace('ide-helper')
#1 /Users/mozhui/Personal/playground/cmmicrofinance/vendor/symfony/console/Application.php(259): Symfony\\Component\\Console\\Application->find('ide-helper:gene...')
#2 /Users/mozhui/Personal/playground/cmmicrofinance/vendor/symfony/console/Application.php(171): Symfony\\Component\\Console\\Application->doRun(Object(Symfony\\Component\\Console\\Input\\ArgvInput), Object(Symfony\\Component\\Console\\Output\\ConsoleOutput))
#3 /Users/mozhui/Personal/playground/cmmicrofinance/vendor/laravel/framework/src/Illuminate/Console/Application.php(102): Symfony\\Component\\Console\\Application->run(Object(Symfony\\Component\\Console\\Input\\ArgvInput), Object(Symfony\\Component\\Console\\Output\\ConsoleOutput))
#4 /Users/mozhui/Personal/playground/cmmicrofinance/vendor/laravel/framework/src/Illuminate/Foundation/Console/Kernel.php(129): Illuminate\\Console\\Application->run(Object(Symfony\\Component\\Console\\Input\\ArgvInput), Object(Symfony\\Component\\Console\\Output\\ConsoleOutput))
#5 /Users/mozhui/Personal/playground/cmmicrofinance/artisan(37): Illuminate\\Foundation\\Console\\Kernel->handle(Object(Symfony\\Component\\Console\\Input\\ArgvInput), Object(Symfony\\Component\\Console\\Output\\ConsoleOutput))
#6 {main}
"} 
[2022-08-30 11:08:27] local.ERROR: There are no commands defined in the "ide-helper" namespace. {"exception":"[object] (Symfony\\Component\\Console\\Exception\\NamespaceNotFoundException(code: 0): There are no commands defined in the \"ide-helper\" namespace. at /Users/mozhui/Personal/playground/cmmicrofinance/vendor/symfony/console/Application.php:622)
[stacktrace]
#0 /Users/mozhui/Personal/playground/cmmicrofinance/vendor/symfony/console/Application.php(673): Symfony\\Component\\Console\\Application->findNamespace('ide-helper')
#1 /Users/mozhui/Personal/playground/cmmicrofinance/vendor/symfony/console/Application.php(259): Symfony\\Component\\Console\\Application->find('ide-helper:gene...')
#2 /Users/mozhui/Personal/playground/cmmicrofinance/vendor/symfony/console/Application.php(171): Symfony\\Component\\Console\\Application->doRun(Object(Symfony\\Component\\Console\\Input\\ArgvInput), Object(Symfony\\Component\\Console\\Output\\ConsoleOutput))
#3 /Users/mozhui/Personal/playground/cmmicrofinance/vendor/laravel/framework/src/Illuminate/Console/Application.php(102): Symfony\\Component\\Console\\Application->run(Object(Symfony\\Component\\Console\\Input\\ArgvInput), Object(Symfony\\Component\\Console\\Output\\ConsoleOutput))
#4 /Users/mozhui/Personal/playground/cmmicrofinance/vendor/laravel/framework/src/Illuminate/Foundation/Console/Kernel.php(129): Illuminate\\Console\\Application->run(Object(Symfony\\Component\\Console\\Input\\ArgvInput), Object(Symfony\\Component\\Console\\Output\\ConsoleOutput))
#5 /Users/mozhui/Personal/playground/cmmicrofinance/artisan(37): Illuminate\\Foundation\\Console\\Kernel->handle(Object(Symfony\\Component\\Console\\Input\\ArgvInput), Object(Symfony\\Component\\Console\\Output\\ConsoleOutput))
#6 {main}
"} 
[2022-08-30 11:08:28] local.ERROR: There are no commands defined in the "ide-helper" namespace. {"exception":"[object] (Symfony\\Component\\Console\\Exception\\NamespaceNotFoundException(code: 0): There are no commands defined in the \"ide-helper\" namespace. at /Users/mozhui/Personal/playground/cmmicrofinance/vendor/symfony/console/Application.php:622)
[stacktrace]
#0 /Users/mozhui/Personal/playground/cmmicrofinance/vendor/symfony/console/Application.php(673): Symfony\\Component\\Console\\Application->findNamespace('ide-helper')
#1 /Users/mozhui/Personal/playground/cmmicrofinance/vendor/symfony/console/Application.php(259): Symfony\\Component\\Console\\Application->find('ide-helper:gene...')
#2 /Users/mozhui/Personal/playground/cmmicrofinance/vendor/symfony/console/Application.php(171): Symfony\\Component\\Console\\Application->doRun(Object(Symfony\\Component\\Console\\Input\\ArgvInput), Object(Symfony\\Component\\Console\\Output\\ConsoleOutput))
#3 /Users/mozhui/Personal/playground/cmmicrofinance/vendor/laravel/framework/src/Illuminate/Console/Application.php(102): Symfony\\Component\\Console\\Application->run(Object(Symfony\\Component\\Console\\Input\\ArgvInput), Object(Symfony\\Component\\Console\\Output\\ConsoleOutput))
#4 /Users/mozhui/Personal/playground/cmmicrofinance/vendor/laravel/framework/src/Illuminate/Foundation/Console/Kernel.php(129): Illuminate\\Console\\Application->run(Object(Symfony\\Component\\Console\\Input\\ArgvInput), Object(Symfony\\Component\\Console\\Output\\ConsoleOutput))
#5 /Users/mozhui/Personal/playground/cmmicrofinance/artisan(37): Illuminate\\Foundation\\Console\\Kernel->handle(Object(Symfony\\Component\\Console\\Input\\ArgvInput), Object(Symfony\\Component\\Console\\Output\\ConsoleOutput))
#6 {main}
"} 
[2022-08-30 11:08:40] local.ERROR: There are no commands defined in the "ide-helper" namespace. {"exception":"[object] (Symfony\\Component\\Console\\Exception\\NamespaceNotFoundException(code: 0): There are no commands defined in the \"ide-helper\" namespace. at /Users/mozhui/Personal/playground/cmmicrofinance/vendor/symfony/console/Application.php:622)
[stacktrace]
#0 /Users/mozhui/Personal/playground/cmmicrofinance/vendor/symfony/console/Application.php(673): Symfony\\Component\\Console\\Application->findNamespace('ide-helper')
#1 /Users/mozhui/Personal/playground/cmmicrofinance/vendor/symfony/console/Application.php(259): Symfony\\Component\\Console\\Application->find('ide-helper:gene...')
#2 /Users/mozhui/Personal/playground/cmmicrofinance/vendor/symfony/console/Application.php(171): Symfony\\Component\\Console\\Application->doRun(Object(Symfony\\Component\\Console\\Input\\ArgvInput), Object(Symfony\\Component\\Console\\Output\\ConsoleOutput))
#3 /Users/mozhui/Personal/playground/cmmicrofinance/vendor/laravel/framework/src/Illuminate/Console/Application.php(102): Symfony\\Component\\Console\\Application->run(Object(Symfony\\Component\\Console\\Input\\ArgvInput), Object(Symfony\\Component\\Console\\Output\\ConsoleOutput))
#4 /Users/mozhui/Personal/playground/cmmicrofinance/vendor/laravel/framework/src/Illuminate/Foundation/Console/Kernel.php(129): Illuminate\\Console\\Application->run(Object(Symfony\\Component\\Console\\Input\\ArgvInput), Object(Symfony\\Component\\Console\\Output\\ConsoleOutput))
#5 /Users/mozhui/Personal/playground/cmmicrofinance/artisan(37): Illuminate\\Foundation\\Console\\Kernel->handle(Object(Symfony\\Component\\Console\\Input\\ArgvInput), Object(Symfony\\Component\\Console\\Output\\ConsoleOutput))
#6 {main}
"} 
[2022-08-30 11:08:56] local.ERROR: There are no commands defined in the "ide-helper" namespace. {"exception":"[object] (Symfony\\Component\\Console\\Exception\\NamespaceNotFoundException(code: 0): There are no commands defined in the \"ide-helper\" namespace. at /Users/mozhui/Personal/playground/cmmicrofinance/vendor/symfony/console/Application.php:622)
[stacktrace]
#0 /Users/mozhui/Personal/playground/cmmicrofinance/vendor/symfony/console/Application.php(673): Symfony\\Component\\Console\\Application->findNamespace('ide-helper')
#1 /Users/mozhui/Personal/playground/cmmicrofinance/vendor/symfony/console/Application.php(259): Symfony\\Component\\Console\\Application->find('ide-helper:gene...')
#2 /Users/mozhui/Personal/playground/cmmicrofinance/vendor/symfony/console/Application.php(171): Symfony\\Component\\Console\\Application->doRun(Object(Symfony\\Component\\Console\\Input\\ArgvInput), Object(Symfony\\Component\\Console\\Output\\ConsoleOutput))
#3 /Users/mozhui/Personal/playground/cmmicrofinance/vendor/laravel/framework/src/Illuminate/Console/Application.php(102): Symfony\\Component\\Console\\Application->run(Object(Symfony\\Component\\Console\\Input\\ArgvInput), Object(Symfony\\Component\\Console\\Output\\ConsoleOutput))
#4 /Users/mozhui/Personal/playground/cmmicrofinance/vendor/laravel/framework/src/Illuminate/Foundation/Console/Kernel.php(129): Illuminate\\Console\\Application->run(Object(Symfony\\Component\\Console\\Input\\ArgvInput), Object(Symfony\\Component\\Console\\Output\\ConsoleOutput))
#5 /Users/mozhui/Personal/playground/cmmicrofinance/artisan(37): Illuminate\\Foundation\\Console\\Kernel->handle(Object(Symfony\\Component\\Console\\Input\\ArgvInput), Object(Symfony\\Component\\Console\\Output\\ConsoleOutput))
#6 {main}
"} 
[2022-08-30 11:08:57] local.ERROR: There are no commands defined in the "ide-helper" namespace. {"exception":"[object] (Symfony\\Component\\Console\\Exception\\NamespaceNotFoundException(code: 0): There are no commands defined in the \"ide-helper\" namespace. at /Users/mozhui/Personal/playground/cmmicrofinance/vendor/symfony/console/Application.php:622)
[stacktrace]
#0 /Users/mozhui/Personal/playground/cmmicrofinance/vendor/symfony/console/Application.php(673): Symfony\\Component\\Console\\Application->findNamespace('ide-helper')
#1 /Users/mozhui/Personal/playground/cmmicrofinance/vendor/symfony/console/Application.php(259): Symfony\\Component\\Console\\Application->find('ide-helper:gene...')
#2 /Users/mozhui/Personal/playground/cmmicrofinance/vendor/symfony/console/Application.php(171): Symfony\\Component\\Console\\Application->doRun(Object(Symfony\\Component\\Console\\Input\\ArgvInput), Object(Symfony\\Component\\Console\\Output\\ConsoleOutput))
#3 /Users/mozhui/Personal/playground/cmmicrofinance/vendor/laravel/framework/src/Illuminate/Console/Application.php(102): Symfony\\Component\\Console\\Application->run(Object(Symfony\\Component\\Console\\Input\\ArgvInput), Object(Symfony\\Component\\Console\\Output\\ConsoleOutput))
#4 /Users/mozhui/Personal/playground/cmmicrofinance/vendor/laravel/framework/src/Illuminate/Foundation/Console/Kernel.php(129): Illuminate\\Console\\Application->run(Object(Symfony\\Component\\Console\\Input\\ArgvInput), Object(Symfony\\Component\\Console\\Output\\ConsoleOutput))
#5 /Users/mozhui/Personal/playground/cmmicrofinance/artisan(37): Illuminate\\Foundation\\Console\\Kernel->handle(Object(Symfony\\Component\\Console\\Input\\ArgvInput), Object(Symfony\\Component\\Console\\Output\\ConsoleOutput))
#6 {main}
"} 
[2022-08-30 11:09:24] local.ERROR: There are no commands defined in the "ide-helper" namespace. {"exception":"[object] (Symfony\\Component\\Console\\Exception\\NamespaceNotFoundException(code: 0): There are no commands defined in the \"ide-helper\" namespace. at /Users/mozhui/Personal/playground/cmmicrofinance/vendor/symfony/console/Application.php:622)
[stacktrace]
#0 /Users/mozhui/Personal/playground/cmmicrofinance/vendor/symfony/console/Application.php(673): Symfony\\Component\\Console\\Application->findNamespace('ide-helper')
#1 /Users/mozhui/Personal/playground/cmmicrofinance/vendor/symfony/console/Application.php(259): Symfony\\Component\\Console\\Application->find('ide-helper:gene...')
#2 /Users/mozhui/Personal/playground/cmmicrofinance/vendor/symfony/console/Application.php(171): Symfony\\Component\\Console\\Application->doRun(Object(Symfony\\Component\\Console\\Input\\ArgvInput), Object(Symfony\\Component\\Console\\Output\\ConsoleOutput))
#3 /Users/mozhui/Personal/playground/cmmicrofinance/vendor/laravel/framework/src/Illuminate/Console/Application.php(102): Symfony\\Component\\Console\\Application->run(Object(Symfony\\Component\\Console\\Input\\ArgvInput), Object(Symfony\\Component\\Console\\Output\\ConsoleOutput))
#4 /Users/mozhui/Personal/playground/cmmicrofinance/vendor/laravel/framework/src/Illuminate/Foundation/Console/Kernel.php(129): Illuminate\\Console\\Application->run(Object(Symfony\\Component\\Console\\Input\\ArgvInput), Object(Symfony\\Component\\Console\\Output\\ConsoleOutput))
#5 /Users/mozhui/Personal/playground/cmmicrofinance/artisan(37): Illuminate\\Foundation\\Console\\Kernel->handle(Object(Symfony\\Component\\Console\\Input\\ArgvInput), Object(Symfony\\Component\\Console\\Output\\ConsoleOutput))
#6 {main}
"} 
[2022-08-30 11:09:31] local.ERROR: There are no commands defined in the "ide-helper" namespace. {"exception":"[object] (Symfony\\Component\\Console\\Exception\\NamespaceNotFoundException(code: 0): There are no commands defined in the \"ide-helper\" namespace. at /Users/mozhui/Personal/playground/cmmicrofinance/vendor/symfony/console/Application.php:622)
[stacktrace]
#0 /Users/mozhui/Personal/playground/cmmicrofinance/vendor/symfony/console/Application.php(673): Symfony\\Component\\Console\\Application->findNamespace('ide-helper')
#1 /Users/mozhui/Personal/playground/cmmicrofinance/vendor/symfony/console/Application.php(259): Symfony\\Component\\Console\\Application->find('ide-helper:gene...')
#2 /Users/mozhui/Personal/playground/cmmicrofinance/vendor/symfony/console/Application.php(171): Symfony\\Component\\Console\\Application->doRun(Object(Symfony\\Component\\Console\\Input\\ArgvInput), Object(Symfony\\Component\\Console\\Output\\ConsoleOutput))
#3 /Users/mozhui/Personal/playground/cmmicrofinance/vendor/laravel/framework/src/Illuminate/Console/Application.php(102): Symfony\\Component\\Console\\Application->run(Object(Symfony\\Component\\Console\\Input\\ArgvInput), Object(Symfony\\Component\\Console\\Output\\ConsoleOutput))
#4 /Users/mozhui/Personal/playground/cmmicrofinance/vendor/laravel/framework/src/Illuminate/Foundation/Console/Kernel.php(129): Illuminate\\Console\\Application->run(Object(Symfony\\Component\\Console\\Input\\ArgvInput), Object(Symfony\\Component\\Console\\Output\\ConsoleOutput))
#5 /Users/mozhui/Personal/playground/cmmicrofinance/artisan(37): Illuminate\\Foundation\\Console\\Kernel->handle(Object(Symfony\\Component\\Console\\Input\\ArgvInput), Object(Symfony\\Component\\Console\\Output\\ConsoleOutput))
#6 {main}
"} 
[2022-08-30 11:09:32] local.ERROR: There are no commands defined in the "ide-helper" namespace. {"exception":"[object] (Symfony\\Component\\Console\\Exception\\NamespaceNotFoundException(code: 0): There are no commands defined in the \"ide-helper\" namespace. at /Users/mozhui/Personal/playground/cmmicrofinance/vendor/symfony/console/Application.php:622)
[stacktrace]
#0 /Users/mozhui/Personal/playground/cmmicrofinance/vendor/symfony/console/Application.php(673): Symfony\\Component\\Console\\Application->findNamespace('ide-helper')
#1 /Users/mozhui/Personal/playground/cmmicrofinance/vendor/symfony/console/Application.php(259): Symfony\\Component\\Console\\Application->find('ide-helper:gene...')
#2 /Users/mozhui/Personal/playground/cmmicrofinance/vendor/symfony/console/Application.php(171): Symfony\\Component\\Console\\Application->doRun(Object(Symfony\\Component\\Console\\Input\\ArgvInput), Object(Symfony\\Component\\Console\\Output\\ConsoleOutput))
#3 /Users/mozhui/Personal/playground/cmmicrofinance/vendor/laravel/framework/src/Illuminate/Console/Application.php(102): Symfony\\Component\\Console\\Application->run(Object(Symfony\\Component\\Console\\Input\\ArgvInput), Object(Symfony\\Component\\Console\\Output\\ConsoleOutput))
#4 /Users/mozhui/Personal/playground/cmmicrofinance/vendor/laravel/framework/src/Illuminate/Foundation/Console/Kernel.php(129): Illuminate\\Console\\Application->run(Object(Symfony\\Component\\Console\\Input\\ArgvInput), Object(Symfony\\Component\\Console\\Output\\ConsoleOutput))
#5 /Users/mozhui/Personal/playground/cmmicrofinance/artisan(37): Illuminate\\Foundation\\Console\\Kernel->handle(Object(Symfony\\Component\\Console\\Input\\ArgvInput), Object(Symfony\\Component\\Console\\Output\\ConsoleOutput))
#6 {main}
"} 
[2022-08-30 11:10:14] local.ERROR: There are no commands defined in the "ide-helper" namespace. {"exception":"[object] (Symfony\\Component\\Console\\Exception\\NamespaceNotFoundException(code: 0): There are no commands defined in the \"ide-helper\" namespace. at /Users/mozhui/Personal/playground/cmmicrofinance/vendor/symfony/console/Application.php:622)
[stacktrace]
#0 /Users/mozhui/Personal/playground/cmmicrofinance/vendor/symfony/console/Application.php(673): Symfony\\Component\\Console\\Application->findNamespace('ide-helper')
#1 /Users/mozhui/Personal/playground/cmmicrofinance/vendor/symfony/console/Application.php(259): Symfony\\Component\\Console\\Application->find('ide-helper:gene...')
#2 /Users/mozhui/Personal/playground/cmmicrofinance/vendor/symfony/console/Application.php(171): Symfony\\Component\\Console\\Application->doRun(Object(Symfony\\Component\\Console\\Input\\ArgvInput), Object(Symfony\\Component\\Console\\Output\\ConsoleOutput))
#3 /Users/mozhui/Personal/playground/cmmicrofinance/vendor/laravel/framework/src/Illuminate/Console/Application.php(102): Symfony\\Component\\Console\\Application->run(Object(Symfony\\Component\\Console\\Input\\ArgvInput), Object(Symfony\\Component\\Console\\Output\\ConsoleOutput))
#4 /Users/mozhui/Personal/playground/cmmicrofinance/vendor/laravel/framework/src/Illuminate/Foundation/Console/Kernel.php(129): Illuminate\\Console\\Application->run(Object(Symfony\\Component\\Console\\Input\\ArgvInput), Object(Symfony\\Component\\Console\\Output\\ConsoleOutput))
#5 /Users/mozhui/Personal/playground/cmmicrofinance/artisan(37): Illuminate\\Foundation\\Console\\Kernel->handle(Object(Symfony\\Component\\Console\\Input\\ArgvInput), Object(Symfony\\Component\\Console\\Output\\ConsoleOutput))
#6 {main}
"} 
[2022-08-30 11:10:15] local.ERROR: There are no commands defined in the "ide-helper" namespace. {"exception":"[object] (Symfony\\Component\\Console\\Exception\\NamespaceNotFoundException(code: 0): There are no commands defined in the \"ide-helper\" namespace. at /Users/mozhui/Personal/playground/cmmicrofinance/vendor/symfony/console/Application.php:622)
[stacktrace]
#0 /Users/mozhui/Personal/playground/cmmicrofinance/vendor/symfony/console/Application.php(673): Symfony\\Component\\Console\\Application->findNamespace('ide-helper')
#1 /Users/mozhui/Personal/playground/cmmicrofinance/vendor/symfony/console/Application.php(259): Symfony\\Component\\Console\\Application->find('ide-helper:gene...')
#2 /Users/mozhui/Personal/playground/cmmicrofinance/vendor/symfony/console/Application.php(171): Symfony\\Component\\Console\\Application->doRun(Object(Symfony\\Component\\Console\\Input\\ArgvInput), Object(Symfony\\Component\\Console\\Output\\ConsoleOutput))
#3 /Users/mozhui/Personal/playground/cmmicrofinance/vendor/laravel/framework/src/Illuminate/Console/Application.php(102): Symfony\\Component\\Console\\Application->run(Object(Symfony\\Component\\Console\\Input\\ArgvInput), Object(Symfony\\Component\\Console\\Output\\ConsoleOutput))
#4 /Users/mozhui/Personal/playground/cmmicrofinance/vendor/laravel/framework/src/Illuminate/Foundation/Console/Kernel.php(129): Illuminate\\Console\\Application->run(Object(Symfony\\Component\\Console\\Input\\ArgvInput), Object(Symfony\\Component\\Console\\Output\\ConsoleOutput))
#5 /Users/mozhui/Personal/playground/cmmicrofinance/artisan(37): Illuminate\\Foundation\\Console\\Kernel->handle(Object(Symfony\\Component\\Console\\Input\\ArgvInput), Object(Symfony\\Component\\Console\\Output\\ConsoleOutput))
#6 {main}
"} 
[2022-08-30 11:12:16] local.ERROR: There are no commands defined in the "ide-helper" namespace. {"exception":"[object] (Symfony\\Component\\Console\\Exception\\NamespaceNotFoundException(code: 0): There are no commands defined in the \"ide-helper\" namespace. at /Users/mozhui/Personal/playground/cmmicrofinance/vendor/symfony/console/Application.php:622)
[stacktrace]
#0 /Users/mozhui/Personal/playground/cmmicrofinance/vendor/symfony/console/Application.php(673): Symfony\\Component\\Console\\Application->findNamespace('ide-helper')
#1 /Users/mozhui/Personal/playground/cmmicrofinance/vendor/symfony/console/Application.php(259): Symfony\\Component\\Console\\Application->find('ide-helper:gene...')
#2 /Users/mozhui/Personal/playground/cmmicrofinance/vendor/symfony/console/Application.php(171): Symfony\\Component\\Console\\Application->doRun(Object(Symfony\\Component\\Console\\Input\\ArgvInput), Object(Symfony\\Component\\Console\\Output\\ConsoleOutput))
#3 /Users/mozhui/Personal/playground/cmmicrofinance/vendor/laravel/framework/src/Illuminate/Console/Application.php(102): Symfony\\Component\\Console\\Application->run(Object(Symfony\\Component\\Console\\Input\\ArgvInput), Object(Symfony\\Component\\Console\\Output\\ConsoleOutput))
#4 /Users/mozhui/Personal/playground/cmmicrofinance/vendor/laravel/framework/src/Illuminate/Foundation/Console/Kernel.php(129): Illuminate\\Console\\Application->run(Object(Symfony\\Component\\Console\\Input\\ArgvInput), Object(Symfony\\Component\\Console\\Output\\ConsoleOutput))
#5 /Users/mozhui/Personal/playground/cmmicrofinance/artisan(37): Illuminate\\Foundation\\Console\\Kernel->handle(Object(Symfony\\Component\\Console\\Input\\ArgvInput), Object(Symfony\\Component\\Console\\Output\\ConsoleOutput))
#6 {main}
"} 
[2022-08-30 11:12:20] local.ERROR: There are no commands defined in the "ide-helper" namespace. {"exception":"[object] (Symfony\\Component\\Console\\Exception\\NamespaceNotFoundException(code: 0): There are no commands defined in the \"ide-helper\" namespace. at /Users/mozhui/Personal/playground/cmmicrofinance/vendor/symfony/console/Application.php:622)
[stacktrace]
#0 /Users/mozhui/Personal/playground/cmmicrofinance/vendor/symfony/console/Application.php(673): Symfony\\Component\\Console\\Application->findNamespace('ide-helper')
#1 /Users/mozhui/Personal/playground/cmmicrofinance/vendor/symfony/console/Application.php(259): Symfony\\Component\\Console\\Application->find('ide-helper:gene...')
#2 /Users/mozhui/Personal/playground/cmmicrofinance/vendor/symfony/console/Application.php(171): Symfony\\Component\\Console\\Application->doRun(Object(Symfony\\Component\\Console\\Input\\ArgvInput), Object(Symfony\\Component\\Console\\Output\\ConsoleOutput))
#3 /Users/mozhui/Personal/playground/cmmicrofinance/vendor/laravel/framework/src/Illuminate/Console/Application.php(102): Symfony\\Component\\Console\\Application->run(Object(Symfony\\Component\\Console\\Input\\ArgvInput), Object(Symfony\\Component\\Console\\Output\\ConsoleOutput))
#4 /Users/mozhui/Personal/playground/cmmicrofinance/vendor/laravel/framework/src/Illuminate/Foundation/Console/Kernel.php(129): Illuminate\\Console\\Application->run(Object(Symfony\\Component\\Console\\Input\\ArgvInput), Object(Symfony\\Component\\Console\\Output\\ConsoleOutput))
#5 /Users/mozhui/Personal/playground/cmmicrofinance/artisan(37): Illuminate\\Foundation\\Console\\Kernel->handle(Object(Symfony\\Component\\Console\\Input\\ArgvInput), Object(Symfony\\Component\\Console\\Output\\ConsoleOutput))
#6 {main}
"} 
[2022-08-30 11:12:21] local.ERROR: There are no commands defined in the "ide-helper" namespace. {"exception":"[object] (Symfony\\Component\\Console\\Exception\\NamespaceNotFoundException(code: 0): There are no commands defined in the \"ide-helper\" namespace. at /Users/mozhui/Personal/playground/cmmicrofinance/vendor/symfony/console/Application.php:622)
[stacktrace]
#0 /Users/mozhui/Personal/playground/cmmicrofinance/vendor/symfony/console/Application.php(673): Symfony\\Component\\Console\\Application->findNamespace('ide-helper')
#1 /Users/mozhui/Personal/playground/cmmicrofinance/vendor/symfony/console/Application.php(259): Symfony\\Component\\Console\\Application->find('ide-helper:gene...')
#2 /Users/mozhui/Personal/playground/cmmicrofinance/vendor/symfony/console/Application.php(171): Symfony\\Component\\Console\\Application->doRun(Object(Symfony\\Component\\Console\\Input\\ArgvInput), Object(Symfony\\Component\\Console\\Output\\ConsoleOutput))
#3 /Users/mozhui/Personal/playground/cmmicrofinance/vendor/laravel/framework/src/Illuminate/Console/Application.php(102): Symfony\\Component\\Console\\Application->run(Object(Symfony\\Component\\Console\\Input\\ArgvInput), Object(Symfony\\Component\\Console\\Output\\ConsoleOutput))
#4 /Users/mozhui/Personal/playground/cmmicrofinance/vendor/laravel/framework/src/Illuminate/Foundation/Console/Kernel.php(129): Illuminate\\Console\\Application->run(Object(Symfony\\Component\\Console\\Input\\ArgvInput), Object(Symfony\\Component\\Console\\Output\\ConsoleOutput))
#5 /Users/mozhui/Personal/playground/cmmicrofinance/artisan(37): Illuminate\\Foundation\\Console\\Kernel->handle(Object(Symfony\\Component\\Console\\Input\\ArgvInput), Object(Symfony\\Component\\Console\\Output\\ConsoleOutput))
#6 {main}
"} 
[2022-08-30 11:12:40] local.ERROR: Call to undefined method Illuminate\Contracts\Session\Session::flash() {"exception":"[object] (Error(code: 0): Call to undefined method Illuminate\\Contracts\\Session\\Session::flash() at /Users/mozhui/Personal/playground/cmmicrofinance/app/Http/Controllers/GrievanceController.php:50)
[stacktrace]
#0 /Users/mozhui/Personal/playground/cmmicrofinance/vendor/laravel/framework/src/Illuminate/Routing/Controller.php(54): App\\Http\\Controllers\\GrievanceController->store(Object(Illuminate\\Http\\Request))
#1 /Users/mozhui/Personal/playground/cmmicrofinance/vendor/laravel/framework/src/Illuminate/Routing/ControllerDispatcher.php(45): Illuminate\\Routing\\Controller->callAction('store', Array)
#2 /Users/mozhui/Personal/playground/cmmicrofinance/vendor/laravel/framework/src/Illuminate/Routing/Route.php(261): Illuminate\\Routing\\ControllerDispatcher->dispatch(Object(Illuminate\\Routing\\Route), Object(App\\Http\\Controllers\\GrievanceController), 'store')
#3 /Users/mozhui/Personal/playground/cmmicrofinance/vendor/laravel/framework/src/Illuminate/Routing/Route.php(204): Illuminate\\Routing\\Route->runController()
#4 /Users/mozhui/Personal/playground/cmmicrofinance/vendor/laravel/framework/src/Illuminate/Routing/Router.php(725): Illuminate\\Routing\\Route->run()
#5 /Users/mozhui/Personal/playground/cmmicrofinance/vendor/laravel/framework/src/Illuminate/Pipeline/Pipeline.php(141): Illuminate\\Routing\\Router->Illuminate\\Routing\\{closure}(Object(Illuminate\\Http\\Request))
#6 /Users/mozhui/Personal/playground/cmmicrofinance/vendor/laravel/framework/src/Illuminate/Routing/Middleware/SubstituteBindings.php(50): Illuminate\\Pipeline\\Pipeline->Illuminate\\Pipeline\\{closure}(Object(Illuminate\\Http\\Request))
#7 /Users/mozhui/Personal/playground/cmmicrofinance/vendor/laravel/framework/src/Illuminate/Pipeline/Pipeline.php(180): Illuminate\\Routing\\Middleware\\SubstituteBindings->handle(Object(Illuminate\\Http\\Request), Object(Closure))
#8 /Users/mozhui/Personal/playground/cmmicrofinance/vendor/laravel/framework/src/Illuminate/Foundation/Http/Middleware/VerifyCsrfToken.php(78): Illuminate\\Pipeline\\Pipeline->Illuminate\\Pipeline\\{closure}(Object(Illuminate\\Http\\Request))
#9 /Users/mozhui/Personal/playground/cmmicrofinance/vendor/laravel/framework/src/Illuminate/Pipeline/Pipeline.php(180): Illuminate\\Foundation\\Http\\Middleware\\VerifyCsrfToken->handle(Object(Illuminate\\Http\\Request), Object(Closure))
#10 /Users/mozhui/Personal/playground/cmmicrofinance/vendor/laravel/framework/src/Illuminate/View/Middleware/ShareErrorsFromSession.php(49): Illuminate\\Pipeline\\Pipeline->Illuminate\\Pipeline\\{closure}(Object(Illuminate\\Http\\Request))
#11 /Users/mozhui/Personal/playground/cmmicrofinance/vendor/laravel/framework/src/Illuminate/Pipeline/Pipeline.php(180): Illuminate\\View\\Middleware\\ShareErrorsFromSession->handle(Object(Illuminate\\Http\\Request), Object(Closure))
#12 /Users/mozhui/Personal/playground/cmmicrofinance/vendor/laravel/framework/src/Illuminate/Session/Middleware/StartSession.php(121): Illuminate\\Pipeline\\Pipeline->Illuminate\\Pipeline\\{closure}(Object(Illuminate\\Http\\Request))
#13 /Users/mozhui/Personal/playground/cmmicrofinance/vendor/laravel/framework/src/Illuminate/Session/Middleware/StartSession.php(64): Illuminate\\Session\\Middleware\\StartSession->handleStatefulRequest(Object(Illuminate\\Http\\Request), Object(Illuminate\\Session\\Store), Object(Closure))
#14 /Users/mozhui/Personal/playground/cmmicrofinance/vendor/laravel/framework/src/Illuminate/Pipeline/Pipeline.php(180): Illuminate\\Session\\Middleware\\StartSession->handle(Object(Illuminate\\Http\\Request), Object(Closure))
#15 /Users/mozhui/Personal/playground/cmmicrofinance/vendor/laravel/framework/src/Illuminate/Cookie/Middleware/AddQueuedCookiesToResponse.php(37): Illuminate\\Pipeline\\Pipeline->Illuminate\\Pipeline\\{closure}(Object(Illuminate\\Http\\Request))
#16 /Users/mozhui/Personal/playground/cmmicrofinance/vendor/laravel/framework/src/Illuminate/Pipeline/Pipeline.php(180): Illuminate\\Cookie\\Middleware\\AddQueuedCookiesToResponse->handle(Object(Illuminate\\Http\\Request), Object(Closure))
#17 /Users/mozhui/Personal/playground/cmmicrofinance/vendor/laravel/framework/src/Illuminate/Cookie/Middleware/EncryptCookies.php(67): Illuminate\\Pipeline\\Pipeline->Illuminate\\Pipeline\\{closure}(Object(Illuminate\\Http\\Request))
#18 /Users/mozhui/Personal/playground/cmmicrofinance/vendor/laravel/framework/src/Illuminate/Pipeline/Pipeline.php(180): Illuminate\\Cookie\\Middleware\\EncryptCookies->handle(Object(Illuminate\\Http\\Request), Object(Closure))
#19 /Users/mozhui/Personal/playground/cmmicrofinance/vendor/laravel/framework/src/Illuminate/Pipeline/Pipeline.php(116): Illuminate\\Pipeline\\Pipeline->Illuminate\\Pipeline\\{closure}(Object(Illuminate\\Http\\Request))
#20 /Users/mozhui/Personal/playground/cmmicrofinance/vendor/laravel/framework/src/Illuminate/Routing/Router.php(726): Illuminate\\Pipeline\\Pipeline->then(Object(Closure))
#21 /Users/mozhui/Personal/playground/cmmicrofinance/vendor/laravel/framework/src/Illuminate/Routing/Router.php(703): Illuminate\\Routing\\Router->runRouteWithinStack(Object(Illuminate\\Routing\\Route), Object(Illuminate\\Http\\Request))
#22 /Users/mozhui/Personal/playground/cmmicrofinance/vendor/laravel/framework/src/Illuminate/Routing/Router.php(667): Illuminate\\Routing\\Router->runRoute(Object(Illuminate\\Http\\Request), Object(Illuminate\\Routing\\Route))
#23 /Users/mozhui/Personal/playground/cmmicrofinance/vendor/laravel/framework/src/Illuminate/Routing/Router.php(656): Illuminate\\Routing\\Router->dispatchToRoute(Object(Illuminate\\Http\\Request))
#24 /Users/mozhui/Personal/playground/cmmicrofinance/vendor/laravel/framework/src/Illuminate/Foundation/Http/Kernel.php(167): Illuminate\\Routing\\Router->dispatch(Object(Illuminate\\Http\\Request))
#25 /Users/mozhui/Personal/playground/cmmicrofinance/vendor/laravel/framework/src/Illuminate/Pipeline/Pipeline.php(141): Illuminate\\Foundation\\Http\\Kernel->Illuminate\\Foundation\\Http\\{closure}(Object(Illuminate\\Http\\Request))
#26 /Users/mozhui/Personal/playground/cmmicrofinance/vendor/laravel/framework/src/Illuminate/Foundation/Http/Middleware/TransformsRequest.php(21): Illuminate\\Pipeline\\Pipeline->Illuminate\\Pipeline\\{closure}(Object(Illuminate\\Http\\Request))
#27 /Users/mozhui/Personal/playground/cmmicrofinance/vendor/laravel/framework/src/Illuminate/Foundation/Http/Middleware/ConvertEmptyStringsToNull.php(31): Illuminate\\Foundation\\Http\\Middleware\\TransformsRequest->handle(Object(Illuminate\\Http\\Request), Object(Closure))
#28 /Users/mozhui/Personal/playground/cmmicrofinance/vendor/laravel/framework/src/Illuminate/Pipeline/Pipeline.php(180): Illuminate\\Foundation\\Http\\Middleware\\ConvertEmptyStringsToNull->handle(Object(Illuminate\\Http\\Request), Object(Closure))
#29 /Users/mozhui/Personal/playground/cmmicrofinance/vendor/laravel/framework/src/Illuminate/Foundation/Http/Middleware/TransformsRequest.php(21): Illuminate\\Pipeline\\Pipeline->Illuminate\\Pipeline\\{closure}(Object(Illuminate\\Http\\Request))
#30 /Users/mozhui/Personal/playground/cmmicrofinance/vendor/laravel/framework/src/Illuminate/Foundation/Http/Middleware/TrimStrings.php(40): Illuminate\\Foundation\\Http\\Middleware\\TransformsRequest->handle(Object(Illuminate\\Http\\Request), Object(Closure))
#31 /Users/mozhui/Personal/playground/cmmicrofinance/vendor/laravel/framework/src/Illuminate/Pipeline/Pipeline.php(180): Illuminate\\Foundation\\Http\\Middleware\\TrimStrings->handle(Object(Illuminate\\Http\\Request), Object(Closure))
#32 /Users/mozhui/Personal/playground/cmmicrofinance/vendor/laravel/framework/src/Illuminate/Foundation/Http/Middleware/ValidatePostSize.php(27): Illuminate\\Pipeline\\Pipeline->Illuminate\\Pipeline\\{closure}(Object(Illuminate\\Http\\Request))
#33 /Users/mozhui/Personal/playground/cmmicrofinance/vendor/laravel/framework/src/Illuminate/Pipeline/Pipeline.php(180): Illuminate\\Foundation\\Http\\Middleware\\ValidatePostSize->handle(Object(Illuminate\\Http\\Request), Object(Closure))
#34 /Users/mozhui/Personal/playground/cmmicrofinance/vendor/laravel/framework/src/Illuminate/Foundation/Http/Middleware/PreventRequestsDuringMaintenance.php(86): Illuminate\\Pipeline\\Pipeline->Illuminate\\Pipeline\\{closure}(Object(Illuminate\\Http\\Request))
#35 /Users/mozhui/Personal/playground/cmmicrofinance/vendor/laravel/framework/src/Illuminate/Pipeline/Pipeline.php(180): Illuminate\\Foundation\\Http\\Middleware\\PreventRequestsDuringMaintenance->handle(Object(Illuminate\\Http\\Request), Object(Closure))
#36 /Users/mozhui/Personal/playground/cmmicrofinance/vendor/laravel/framework/src/Illuminate/Http/Middleware/HandleCors.php(49): Illuminate\\Pipeline\\Pipeline->Illuminate\\Pipeline\\{closure}(Object(Illuminate\\Http\\Request))
#37 /Users/mozhui/Personal/playground/cmmicrofinance/vendor/laravel/framework/src/Illuminate/Pipeline/Pipeline.php(180): Illuminate\\Http\\Middleware\\HandleCors->handle(Object(Illuminate\\Http\\Request), Object(Closure))
#38 /Users/mozhui/Personal/playground/cmmicrofinance/vendor/laravel/framework/src/Illuminate/Http/Middleware/TrustProxies.php(39): Illuminate\\Pipeline\\Pipeline->Illuminate\\Pipeline\\{closure}(Object(Illuminate\\Http\\Request))
#39 /Users/mozhui/Personal/playground/cmmicrofinance/vendor/laravel/framework/src/Illuminate/Pipeline/Pipeline.php(180): Illuminate\\Http\\Middleware\\TrustProxies->handle(Object(Illuminate\\Http\\Request), Object(Closure))
#40 /Users/mozhui/Personal/playground/cmmicrofinance/vendor/laravel/framework/src/Illuminate/Pipeline/Pipeline.php(116): Illuminate\\Pipeline\\Pipeline->Illuminate\\Pipeline\\{closure}(Object(Illuminate\\Http\\Request))
#41 /Users/mozhui/Personal/playground/cmmicrofinance/vendor/laravel/framework/src/Illuminate/Foundation/Http/Kernel.php(142): Illuminate\\Pipeline\\Pipeline->then(Object(Closure))
#42 /Users/mozhui/Personal/playground/cmmicrofinance/vendor/laravel/framework/src/Illuminate/Foundation/Http/Kernel.php(111): Illuminate\\Foundation\\Http\\Kernel->sendRequestThroughRouter(Object(Illuminate\\Http\\Request))
#43 /Users/mozhui/Personal/playground/cmmicrofinance/public/index.php(52): Illuminate\\Foundation\\Http\\Kernel->handle(Object(Illuminate\\Http\\Request))
#44 /Users/mozhui/Personal/playground/cmmicrofinance/vendor/laravel/framework/src/Illuminate/Foundation/resources/server.php(16): require_once('/Users/mozhui/P...')
#45 {main}
"} 
[2022-08-30 11:12:56] local.ERROR: There are no commands defined in the "ide-helper" namespace. {"exception":"[object] (Symfony\\Component\\Console\\Exception\\NamespaceNotFoundException(code: 0): There are no commands defined in the \"ide-helper\" namespace. at /Users/mozhui/Personal/playground/cmmicrofinance/vendor/symfony/console/Application.php:622)
[stacktrace]
#0 /Users/mozhui/Personal/playground/cmmicrofinance/vendor/symfony/console/Application.php(673): Symfony\\Component\\Console\\Application->findNamespace('ide-helper')
#1 /Users/mozhui/Personal/playground/cmmicrofinance/vendor/symfony/console/Application.php(259): Symfony\\Component\\Console\\Application->find('ide-helper:gene...')
#2 /Users/mozhui/Personal/playground/cmmicrofinance/vendor/symfony/console/Application.php(171): Symfony\\Component\\Console\\Application->doRun(Object(Symfony\\Component\\Console\\Input\\ArgvInput), Object(Symfony\\Component\\Console\\Output\\ConsoleOutput))
#3 /Users/mozhui/Personal/playground/cmmicrofinance/vendor/laravel/framework/src/Illuminate/Console/Application.php(102): Symfony\\Component\\Console\\Application->run(Object(Symfony\\Component\\Console\\Input\\ArgvInput), Object(Symfony\\Component\\Console\\Output\\ConsoleOutput))
#4 /Users/mozhui/Personal/playground/cmmicrofinance/vendor/laravel/framework/src/Illuminate/Foundation/Console/Kernel.php(129): Illuminate\\Console\\Application->run(Object(Symfony\\Component\\Console\\Input\\ArgvInput), Object(Symfony\\Component\\Console\\Output\\ConsoleOutput))
#5 /Users/mozhui/Personal/playground/cmmicrofinance/artisan(37): Illuminate\\Foundation\\Console\\Kernel->handle(Object(Symfony\\Component\\Console\\Input\\ArgvInput), Object(Symfony\\Component\\Console\\Output\\ConsoleOutput))
#6 {main}
"} 
[2022-08-30 11:12:57] local.ERROR: There are no commands defined in the "ide-helper" namespace. {"exception":"[object] (Symfony\\Component\\Console\\Exception\\NamespaceNotFoundException(code: 0): There are no commands defined in the \"ide-helper\" namespace. at /Users/mozhui/Personal/playground/cmmicrofinance/vendor/symfony/console/Application.php:622)
[stacktrace]
#0 /Users/mozhui/Personal/playground/cmmicrofinance/vendor/symfony/console/Application.php(673): Symfony\\Component\\Console\\Application->findNamespace('ide-helper')
#1 /Users/mozhui/Personal/playground/cmmicrofinance/vendor/symfony/console/Application.php(259): Symfony\\Component\\Console\\Application->find('ide-helper:gene...')
#2 /Users/mozhui/Personal/playground/cmmicrofinance/vendor/symfony/console/Application.php(171): Symfony\\Component\\Console\\Application->doRun(Object(Symfony\\Component\\Console\\Input\\ArgvInput), Object(Symfony\\Component\\Console\\Output\\ConsoleOutput))
#3 /Users/mozhui/Personal/playground/cmmicrofinance/vendor/laravel/framework/src/Illuminate/Console/Application.php(102): Symfony\\Component\\Console\\Application->run(Object(Symfony\\Component\\Console\\Input\\ArgvInput), Object(Symfony\\Component\\Console\\Output\\ConsoleOutput))
#4 /Users/mozhui/Personal/playground/cmmicrofinance/vendor/laravel/framework/src/Illuminate/Foundation/Console/Kernel.php(129): Illuminate\\Console\\Application->run(Object(Symfony\\Component\\Console\\Input\\ArgvInput), Object(Symfony\\Component\\Console\\Output\\ConsoleOutput))
#5 /Users/mozhui/Personal/playground/cmmicrofinance/artisan(37): Illuminate\\Foundation\\Console\\Kernel->handle(Object(Symfony\\Component\\Console\\Input\\ArgvInput), Object(Symfony\\Component\\Console\\Output\\ConsoleOutput))
#6 {main}
"} 
[2022-08-30 11:21:51] local.ERROR: There are no commands defined in the "ide-helper" namespace. {"exception":"[object] (Symfony\\Component\\Console\\Exception\\NamespaceNotFoundException(code: 0): There are no commands defined in the \"ide-helper\" namespace. at /Users/mozhui/Personal/playground/cmmicrofinance/vendor/symfony/console/Application.php:622)
[stacktrace]
#0 /Users/mozhui/Personal/playground/cmmicrofinance/vendor/symfony/console/Application.php(673): Symfony\\Component\\Console\\Application->findNamespace('ide-helper')
#1 /Users/mozhui/Personal/playground/cmmicrofinance/vendor/symfony/console/Application.php(259): Symfony\\Component\\Console\\Application->find('ide-helper:gene...')
#2 /Users/mozhui/Personal/playground/cmmicrofinance/vendor/symfony/console/Application.php(171): Symfony\\Component\\Console\\Application->doRun(Object(Symfony\\Component\\Console\\Input\\ArgvInput), Object(Symfony\\Component\\Console\\Output\\ConsoleOutput))
#3 /Users/mozhui/Personal/playground/cmmicrofinance/vendor/laravel/framework/src/Illuminate/Console/Application.php(102): Symfony\\Component\\Console\\Application->run(Object(Symfony\\Component\\Console\\Input\\ArgvInput), Object(Symfony\\Component\\Console\\Output\\ConsoleOutput))
#4 /Users/mozhui/Personal/playground/cmmicrofinance/vendor/laravel/framework/src/Illuminate/Foundation/Console/Kernel.php(129): Illuminate\\Console\\Application->run(Object(Symfony\\Component\\Console\\Input\\ArgvInput), Object(Symfony\\Component\\Console\\Output\\ConsoleOutput))
#5 /Users/mozhui/Personal/playground/cmmicrofinance/artisan(37): Illuminate\\Foundation\\Console\\Kernel->handle(Object(Symfony\\Component\\Console\\Input\\ArgvInput), Object(Symfony\\Component\\Console\\Output\\ConsoleOutput))
#6 {main}
"} 
[2022-08-30 11:26:04] local.ERROR: There are no commands defined in the "ide-helper" namespace. {"exception":"[object] (Symfony\\Component\\Console\\Exception\\NamespaceNotFoundException(code: 0): There are no commands defined in the \"ide-helper\" namespace. at /Users/mozhui/Personal/playground/cmmicrofinance/vendor/symfony/console/Application.php:622)
[stacktrace]
#0 /Users/mozhui/Personal/playground/cmmicrofinance/vendor/symfony/console/Application.php(673): Symfony\\Component\\Console\\Application->findNamespace('ide-helper')
#1 /Users/mozhui/Personal/playground/cmmicrofinance/vendor/symfony/console/Application.php(259): Symfony\\Component\\Console\\Application->find('ide-helper:gene...')
#2 /Users/mozhui/Personal/playground/cmmicrofinance/vendor/symfony/console/Application.php(171): Symfony\\Component\\Console\\Application->doRun(Object(Symfony\\Component\\Console\\Input\\ArgvInput), Object(Symfony\\Component\\Console\\Output\\ConsoleOutput))
#3 /Users/mozhui/Personal/playground/cmmicrofinance/vendor/laravel/framework/src/Illuminate/Console/Application.php(102): Symfony\\Component\\Console\\Application->run(Object(Symfony\\Component\\Console\\Input\\ArgvInput), Object(Symfony\\Component\\Console\\Output\\ConsoleOutput))
#4 /Users/mozhui/Personal/playground/cmmicrofinance/vendor/laravel/framework/src/Illuminate/Foundation/Console/Kernel.php(129): Illuminate\\Console\\Application->run(Object(Symfony\\Component\\Console\\Input\\ArgvInput), Object(Symfony\\Component\\Console\\Output\\ConsoleOutput))
#5 /Users/mozhui/Personal/playground/cmmicrofinance/artisan(37): Illuminate\\Foundation\\Console\\Kernel->handle(Object(Symfony\\Component\\Console\\Input\\ArgvInput), Object(Symfony\\Component\\Console\\Output\\ConsoleOutput))
#6 {main}
"} 
[2022-08-30 11:26:25] local.ERROR: There are no commands defined in the "ide-helper" namespace. {"exception":"[object] (Symfony\\Component\\Console\\Exception\\NamespaceNotFoundException(code: 0): There are no commands defined in the \"ide-helper\" namespace. at /Users/mozhui/Personal/playground/cmmicrofinance/vendor/symfony/console/Application.php:622)
[stacktrace]
#0 /Users/mozhui/Personal/playground/cmmicrofinance/vendor/symfony/console/Application.php(673): Symfony\\Component\\Console\\Application->findNamespace('ide-helper')
#1 /Users/mozhui/Personal/playground/cmmicrofinance/vendor/symfony/console/Application.php(259): Symfony\\Component\\Console\\Application->find('ide-helper:gene...')
#2 /Users/mozhui/Personal/playground/cmmicrofinance/vendor/symfony/console/Application.php(171): Symfony\\Component\\Console\\Application->doRun(Object(Symfony\\Component\\Console\\Input\\ArgvInput), Object(Symfony\\Component\\Console\\Output\\ConsoleOutput))
#3 /Users/mozhui/Personal/playground/cmmicrofinance/vendor/laravel/framework/src/Illuminate/Console/Application.php(102): Symfony\\Component\\Console\\Application->run(Object(Symfony\\Component\\Console\\Input\\ArgvInput), Object(Symfony\\Component\\Console\\Output\\ConsoleOutput))
#4 /Users/mozhui/Personal/playground/cmmicrofinance/vendor/laravel/framework/src/Illuminate/Foundation/Console/Kernel.php(129): Illuminate\\Console\\Application->run(Object(Symfony\\Component\\Console\\Input\\ArgvInput), Object(Symfony\\Component\\Console\\Output\\ConsoleOutput))
#5 /Users/mozhui/Personal/playground/cmmicrofinance/artisan(37): Illuminate\\Foundation\\Console\\Kernel->handle(Object(Symfony\\Component\\Console\\Input\\ArgvInput), Object(Symfony\\Component\\Console\\Output\\ConsoleOutput))
#6 {main}
"} 
[2022-08-30 11:26:33] local.ERROR: There are no commands defined in the "ide-helper" namespace. {"exception":"[object] (Symfony\\Component\\Console\\Exception\\NamespaceNotFoundException(code: 0): There are no commands defined in the \"ide-helper\" namespace. at /Users/mozhui/Personal/playground/cmmicrofinance/vendor/symfony/console/Application.php:622)
[stacktrace]
#0 /Users/mozhui/Personal/playground/cmmicrofinance/vendor/symfony/console/Application.php(673): Symfony\\Component\\Console\\Application->findNamespace('ide-helper')
#1 /Users/mozhui/Personal/playground/cmmicrofinance/vendor/symfony/console/Application.php(259): Symfony\\Component\\Console\\Application->find('ide-helper:gene...')
#2 /Users/mozhui/Personal/playground/cmmicrofinance/vendor/symfony/console/Application.php(171): Symfony\\Component\\Console\\Application->doRun(Object(Symfony\\Component\\Console\\Input\\ArgvInput), Object(Symfony\\Component\\Console\\Output\\ConsoleOutput))
#3 /Users/mozhui/Personal/playground/cmmicrofinance/vendor/laravel/framework/src/Illuminate/Console/Application.php(102): Symfony\\Component\\Console\\Application->run(Object(Symfony\\Component\\Console\\Input\\ArgvInput), Object(Symfony\\Component\\Console\\Output\\ConsoleOutput))
#4 /Users/mozhui/Personal/playground/cmmicrofinance/vendor/laravel/framework/src/Illuminate/Foundation/Console/Kernel.php(129): Illuminate\\Console\\Application->run(Object(Symfony\\Component\\Console\\Input\\ArgvInput), Object(Symfony\\Component\\Console\\Output\\ConsoleOutput))
#5 /Users/mozhui/Personal/playground/cmmicrofinance/artisan(37): Illuminate\\Foundation\\Console\\Kernel->handle(Object(Symfony\\Component\\Console\\Input\\ArgvInput), Object(Symfony\\Component\\Console\\Output\\ConsoleOutput))
#6 {main}
"} 
[2022-08-30 11:26:53] local.ERROR: There are no commands defined in the "ide-helper" namespace. {"exception":"[object] (Symfony\\Component\\Console\\Exception\\NamespaceNotFoundException(code: 0): There are no commands defined in the \"ide-helper\" namespace. at /Users/mozhui/Personal/playground/cmmicrofinance/vendor/symfony/console/Application.php:622)
[stacktrace]
#0 /Users/mozhui/Personal/playground/cmmicrofinance/vendor/symfony/console/Application.php(673): Symfony\\Component\\Console\\Application->findNamespace('ide-helper')
#1 /Users/mozhui/Personal/playground/cmmicrofinance/vendor/symfony/console/Application.php(259): Symfony\\Component\\Console\\Application->find('ide-helper:gene...')
#2 /Users/mozhui/Personal/playground/cmmicrofinance/vendor/symfony/console/Application.php(171): Symfony\\Component\\Console\\Application->doRun(Object(Symfony\\Component\\Console\\Input\\ArgvInput), Object(Symfony\\Component\\Console\\Output\\ConsoleOutput))
#3 /Users/mozhui/Personal/playground/cmmicrofinance/vendor/laravel/framework/src/Illuminate/Console/Application.php(102): Symfony\\Component\\Console\\Application->run(Object(Symfony\\Component\\Console\\Input\\ArgvInput), Object(Symfony\\Component\\Console\\Output\\ConsoleOutput))
#4 /Users/mozhui/Personal/playground/cmmicrofinance/vendor/laravel/framework/src/Illuminate/Foundation/Console/Kernel.php(129): Illuminate\\Console\\Application->run(Object(Symfony\\Component\\Console\\Input\\ArgvInput), Object(Symfony\\Component\\Console\\Output\\ConsoleOutput))
#5 /Users/mozhui/Personal/playground/cmmicrofinance/artisan(37): Illuminate\\Foundation\\Console\\Kernel->handle(Object(Symfony\\Component\\Console\\Input\\ArgvInput), Object(Symfony\\Component\\Console\\Output\\ConsoleOutput))
#6 {main}
"} 
[2022-08-30 11:26:56] local.ERROR: There are no commands defined in the "ide-helper" namespace. {"exception":"[object] (Symfony\\Component\\Console\\Exception\\NamespaceNotFoundException(code: 0): There are no commands defined in the \"ide-helper\" namespace. at /Users/mozhui/Personal/playground/cmmicrofinance/vendor/symfony/console/Application.php:622)
[stacktrace]
#0 /Users/mozhui/Personal/playground/cmmicrofinance/vendor/symfony/console/Application.php(673): Symfony\\Component\\Console\\Application->findNamespace('ide-helper')
#1 /Users/mozhui/Personal/playground/cmmicrofinance/vendor/symfony/console/Application.php(259): Symfony\\Component\\Console\\Application->find('ide-helper:gene...')
#2 /Users/mozhui/Personal/playground/cmmicrofinance/vendor/symfony/console/Application.php(171): Symfony\\Component\\Console\\Application->doRun(Object(Symfony\\Component\\Console\\Input\\ArgvInput), Object(Symfony\\Component\\Console\\Output\\ConsoleOutput))
#3 /Users/mozhui/Personal/playground/cmmicrofinance/vendor/laravel/framework/src/Illuminate/Console/Application.php(102): Symfony\\Component\\Console\\Application->run(Object(Symfony\\Component\\Console\\Input\\ArgvInput), Object(Symfony\\Component\\Console\\Output\\ConsoleOutput))
#4 /Users/mozhui/Personal/playground/cmmicrofinance/vendor/laravel/framework/src/Illuminate/Foundation/Console/Kernel.php(129): Illuminate\\Console\\Application->run(Object(Symfony\\Component\\Console\\Input\\ArgvInput), Object(Symfony\\Component\\Console\\Output\\ConsoleOutput))
#5 /Users/mozhui/Personal/playground/cmmicrofinance/artisan(37): Illuminate\\Foundation\\Console\\Kernel->handle(Object(Symfony\\Component\\Console\\Input\\ArgvInput), Object(Symfony\\Component\\Console\\Output\\ConsoleOutput))
#6 {main}
"} 
[2022-08-30 11:27:02] local.ERROR: There are no commands defined in the "ide-helper" namespace. {"exception":"[object] (Symfony\\Component\\Console\\Exception\\NamespaceNotFoundException(code: 0): There are no commands defined in the \"ide-helper\" namespace. at /Users/mozhui/Personal/playground/cmmicrofinance/vendor/symfony/console/Application.php:622)
[stacktrace]
#0 /Users/mozhui/Personal/playground/cmmicrofinance/vendor/symfony/console/Application.php(673): Symfony\\Component\\Console\\Application->findNamespace('ide-helper')
#1 /Users/mozhui/Personal/playground/cmmicrofinance/vendor/symfony/console/Application.php(259): Symfony\\Component\\Console\\Application->find('ide-helper:gene...')
#2 /Users/mozhui/Personal/playground/cmmicrofinance/vendor/symfony/console/Application.php(171): Symfony\\Component\\Console\\Application->doRun(Object(Symfony\\Component\\Console\\Input\\ArgvInput), Object(Symfony\\Component\\Console\\Output\\ConsoleOutput))
#3 /Users/mozhui/Personal/playground/cmmicrofinance/vendor/laravel/framework/src/Illuminate/Console/Application.php(102): Symfony\\Component\\Console\\Application->run(Object(Symfony\\Component\\Console\\Input\\ArgvInput), Object(Symfony\\Component\\Console\\Output\\ConsoleOutput))
#4 /Users/mozhui/Personal/playground/cmmicrofinance/vendor/laravel/framework/src/Illuminate/Foundation/Console/Kernel.php(129): Illuminate\\Console\\Application->run(Object(Symfony\\Component\\Console\\Input\\ArgvInput), Object(Symfony\\Component\\Console\\Output\\ConsoleOutput))
#5 /Users/mozhui/Personal/playground/cmmicrofinance/artisan(37): Illuminate\\Foundation\\Console\\Kernel->handle(Object(Symfony\\Component\\Console\\Input\\ArgvInput), Object(Symfony\\Component\\Console\\Output\\ConsoleOutput))
#6 {main}
"} 
[2022-08-30 11:27:13] local.ERROR: There are no commands defined in the "ide-helper" namespace. {"exception":"[object] (Symfony\\Component\\Console\\Exception\\NamespaceNotFoundException(code: 0): There are no commands defined in the \"ide-helper\" namespace. at /Users/mozhui/Personal/playground/cmmicrofinance/vendor/symfony/console/Application.php:622)
[stacktrace]
#0 /Users/mozhui/Personal/playground/cmmicrofinance/vendor/symfony/console/Application.php(673): Symfony\\Component\\Console\\Application->findNamespace('ide-helper')
#1 /Users/mozhui/Personal/playground/cmmicrofinance/vendor/symfony/console/Application.php(259): Symfony\\Component\\Console\\Application->find('ide-helper:gene...')
#2 /Users/mozhui/Personal/playground/cmmicrofinance/vendor/symfony/console/Application.php(171): Symfony\\Component\\Console\\Application->doRun(Object(Symfony\\Component\\Console\\Input\\ArgvInput), Object(Symfony\\Component\\Console\\Output\\ConsoleOutput))
#3 /Users/mozhui/Personal/playground/cmmicrofinance/vendor/laravel/framework/src/Illuminate/Console/Application.php(102): Symfony\\Component\\Console\\Application->run(Object(Symfony\\Component\\Console\\Input\\ArgvInput), Object(Symfony\\Component\\Console\\Output\\ConsoleOutput))
#4 /Users/mozhui/Personal/playground/cmmicrofinance/vendor/laravel/framework/src/Illuminate/Foundation/Console/Kernel.php(129): Illuminate\\Console\\Application->run(Object(Symfony\\Component\\Console\\Input\\ArgvInput), Object(Symfony\\Component\\Console\\Output\\ConsoleOutput))
#5 /Users/mozhui/Personal/playground/cmmicrofinance/artisan(37): Illuminate\\Foundation\\Console\\Kernel->handle(Object(Symfony\\Component\\Console\\Input\\ArgvInput), Object(Symfony\\Component\\Console\\Output\\ConsoleOutput))
#6 {main}
"} 
[2022-08-30 11:27:22] local.ERROR: There are no commands defined in the "ide-helper" namespace. {"exception":"[object] (Symfony\\Component\\Console\\Exception\\NamespaceNotFoundException(code: 0): There are no commands defined in the \"ide-helper\" namespace. at /Users/mozhui/Personal/playground/cmmicrofinance/vendor/symfony/console/Application.php:622)
[stacktrace]
#0 /Users/mozhui/Personal/playground/cmmicrofinance/vendor/symfony/console/Application.php(673): Symfony\\Component\\Console\\Application->findNamespace('ide-helper')
#1 /Users/mozhui/Personal/playground/cmmicrofinance/vendor/symfony/console/Application.php(259): Symfony\\Component\\Console\\Application->find('ide-helper:gene...')
#2 /Users/mozhui/Personal/playground/cmmicrofinance/vendor/symfony/console/Application.php(171): Symfony\\Component\\Console\\Application->doRun(Object(Symfony\\Component\\Console\\Input\\ArgvInput), Object(Symfony\\Component\\Console\\Output\\ConsoleOutput))
#3 /Users/mozhui/Personal/playground/cmmicrofinance/vendor/laravel/framework/src/Illuminate/Console/Application.php(102): Symfony\\Component\\Console\\Application->run(Object(Symfony\\Component\\Console\\Input\\ArgvInput), Object(Symfony\\Component\\Console\\Output\\ConsoleOutput))
#4 /Users/mozhui/Personal/playground/cmmicrofinance/vendor/laravel/framework/src/Illuminate/Foundation/Console/Kernel.php(129): Illuminate\\Console\\Application->run(Object(Symfony\\Component\\Console\\Input\\ArgvInput), Object(Symfony\\Component\\Console\\Output\\ConsoleOutput))
#5 /Users/mozhui/Personal/playground/cmmicrofinance/artisan(37): Illuminate\\Foundation\\Console\\Kernel->handle(Object(Symfony\\Component\\Console\\Input\\ArgvInput), Object(Symfony\\Component\\Console\\Output\\ConsoleOutput))
#6 {main}
"} 
[2022-08-30 11:27:30] local.ERROR: There are no commands defined in the "ide-helper" namespace. {"exception":"[object] (Symfony\\Component\\Console\\Exception\\NamespaceNotFoundException(code: 0): There are no commands defined in the \"ide-helper\" namespace. at /Users/mozhui/Personal/playground/cmmicrofinance/vendor/symfony/console/Application.php:622)
[stacktrace]
#0 /Users/mozhui/Personal/playground/cmmicrofinance/vendor/symfony/console/Application.php(673): Symfony\\Component\\Console\\Application->findNamespace('ide-helper')
#1 /Users/mozhui/Personal/playground/cmmicrofinance/vendor/symfony/console/Application.php(259): Symfony\\Component\\Console\\Application->find('ide-helper:gene...')
#2 /Users/mozhui/Personal/playground/cmmicrofinance/vendor/symfony/console/Application.php(171): Symfony\\Component\\Console\\Application->doRun(Object(Symfony\\Component\\Console\\Input\\ArgvInput), Object(Symfony\\Component\\Console\\Output\\ConsoleOutput))
#3 /Users/mozhui/Personal/playground/cmmicrofinance/vendor/laravel/framework/src/Illuminate/Console/Application.php(102): Symfony\\Component\\Console\\Application->run(Object(Symfony\\Component\\Console\\Input\\ArgvInput), Object(Symfony\\Component\\Console\\Output\\ConsoleOutput))
#4 /Users/mozhui/Personal/playground/cmmicrofinance/vendor/laravel/framework/src/Illuminate/Foundation/Console/Kernel.php(129): Illuminate\\Console\\Application->run(Object(Symfony\\Component\\Console\\Input\\ArgvInput), Object(Symfony\\Component\\Console\\Output\\ConsoleOutput))
#5 /Users/mozhui/Personal/playground/cmmicrofinance/artisan(37): Illuminate\\Foundation\\Console\\Kernel->handle(Object(Symfony\\Component\\Console\\Input\\ArgvInput), Object(Symfony\\Component\\Console\\Output\\ConsoleOutput))
#6 {main}
"} 
[2022-08-30 11:27:50] local.ERROR: There are no commands defined in the "ide-helper" namespace. {"exception":"[object] (Symfony\\Component\\Console\\Exception\\NamespaceNotFoundException(code: 0): There are no commands defined in the \"ide-helper\" namespace. at /Users/mozhui/Personal/playground/cmmicrofinance/vendor/symfony/console/Application.php:622)
[stacktrace]
#0 /Users/mozhui/Personal/playground/cmmicrofinance/vendor/symfony/console/Application.php(673): Symfony\\Component\\Console\\Application->findNamespace('ide-helper')
#1 /Users/mozhui/Personal/playground/cmmicrofinance/vendor/symfony/console/Application.php(259): Symfony\\Component\\Console\\Application->find('ide-helper:gene...')
#2 /Users/mozhui/Personal/playground/cmmicrofinance/vendor/symfony/console/Application.php(171): Symfony\\Component\\Console\\Application->doRun(Object(Symfony\\Component\\Console\\Input\\ArgvInput), Object(Symfony\\Component\\Console\\Output\\ConsoleOutput))
#3 /Users/mozhui/Personal/playground/cmmicrofinance/vendor/laravel/framework/src/Illuminate/Console/Application.php(102): Symfony\\Component\\Console\\Application->run(Object(Symfony\\Component\\Console\\Input\\ArgvInput), Object(Symfony\\Component\\Console\\Output\\ConsoleOutput))
#4 /Users/mozhui/Personal/playground/cmmicrofinance/vendor/laravel/framework/src/Illuminate/Foundation/Console/Kernel.php(129): Illuminate\\Console\\Application->run(Object(Symfony\\Component\\Console\\Input\\ArgvInput), Object(Symfony\\Component\\Console\\Output\\ConsoleOutput))
#5 /Users/mozhui/Personal/playground/cmmicrofinance/artisan(37): Illuminate\\Foundation\\Console\\Kernel->handle(Object(Symfony\\Component\\Console\\Input\\ArgvInput), Object(Symfony\\Component\\Console\\Output\\ConsoleOutput))
#6 {main}
"} 
[2022-08-30 11:27:51] local.ERROR: There are no commands defined in the "ide-helper" namespace. {"exception":"[object] (Symfony\\Component\\Console\\Exception\\NamespaceNotFoundException(code: 0): There are no commands defined in the \"ide-helper\" namespace. at /Users/mozhui/Personal/playground/cmmicrofinance/vendor/symfony/console/Application.php:622)
[stacktrace]
#0 /Users/mozhui/Personal/playground/cmmicrofinance/vendor/symfony/console/Application.php(673): Symfony\\Component\\Console\\Application->findNamespace('ide-helper')
#1 /Users/mozhui/Personal/playground/cmmicrofinance/vendor/symfony/console/Application.php(259): Symfony\\Component\\Console\\Application->find('ide-helper:gene...')
#2 /Users/mozhui/Personal/playground/cmmicrofinance/vendor/symfony/console/Application.php(171): Symfony\\Component\\Console\\Application->doRun(Object(Symfony\\Component\\Console\\Input\\ArgvInput), Object(Symfony\\Component\\Console\\Output\\ConsoleOutput))
#3 /Users/mozhui/Personal/playground/cmmicrofinance/vendor/laravel/framework/src/Illuminate/Console/Application.php(102): Symfony\\Component\\Console\\Application->run(Object(Symfony\\Component\\Console\\Input\\ArgvInput), Object(Symfony\\Component\\Console\\Output\\ConsoleOutput))
#4 /Users/mozhui/Personal/playground/cmmicrofinance/vendor/laravel/framework/src/Illuminate/Foundation/Console/Kernel.php(129): Illuminate\\Console\\Application->run(Object(Symfony\\Component\\Console\\Input\\ArgvInput), Object(Symfony\\Component\\Console\\Output\\ConsoleOutput))
#5 /Users/mozhui/Personal/playground/cmmicrofinance/artisan(37): Illuminate\\Foundation\\Console\\Kernel->handle(Object(Symfony\\Component\\Console\\Input\\ArgvInput), Object(Symfony\\Component\\Console\\Output\\ConsoleOutput))
#6 {main}
"} 
[2022-08-30 11:28:04] local.ERROR: There are no commands defined in the "ide-helper" namespace. {"exception":"[object] (Symfony\\Component\\Console\\Exception\\NamespaceNotFoundException(code: 0): There are no commands defined in the \"ide-helper\" namespace. at /Users/mozhui/Personal/playground/cmmicrofinance/vendor/symfony/console/Application.php:622)
[stacktrace]
#0 /Users/mozhui/Personal/playground/cmmicrofinance/vendor/symfony/console/Application.php(673): Symfony\\Component\\Console\\Application->findNamespace('ide-helper')
#1 /Users/mozhui/Personal/playground/cmmicrofinance/vendor/symfony/console/Application.php(259): Symfony\\Component\\Console\\Application->find('ide-helper:gene...')
#2 /Users/mozhui/Personal/playground/cmmicrofinance/vendor/symfony/console/Application.php(171): Symfony\\Component\\Console\\Application->doRun(Object(Symfony\\Component\\Console\\Input\\ArgvInput), Object(Symfony\\Component\\Console\\Output\\ConsoleOutput))
#3 /Users/mozhui/Personal/playground/cmmicrofinance/vendor/laravel/framework/src/Illuminate/Console/Application.php(102): Symfony\\Component\\Console\\Application->run(Object(Symfony\\Component\\Console\\Input\\ArgvInput), Object(Symfony\\Component\\Console\\Output\\ConsoleOutput))
#4 /Users/mozhui/Personal/playground/cmmicrofinance/vendor/laravel/framework/src/Illuminate/Foundation/Console/Kernel.php(129): Illuminate\\Console\\Application->run(Object(Symfony\\Component\\Console\\Input\\ArgvInput), Object(Symfony\\Component\\Console\\Output\\ConsoleOutput))
#5 /Users/mozhui/Personal/playground/cmmicrofinance/artisan(37): Illuminate\\Foundation\\Console\\Kernel->handle(Object(Symfony\\Component\\Console\\Input\\ArgvInput), Object(Symfony\\Component\\Console\\Output\\ConsoleOutput))
#6 {main}
"} 
[2022-08-30 11:28:07] local.ERROR: There are no commands defined in the "ide-helper" namespace. {"exception":"[object] (Symfony\\Component\\Console\\Exception\\NamespaceNotFoundException(code: 0): There are no commands defined in the \"ide-helper\" namespace. at /Users/mozhui/Personal/playground/cmmicrofinance/vendor/symfony/console/Application.php:622)
[stacktrace]
#0 /Users/mozhui/Personal/playground/cmmicrofinance/vendor/symfony/console/Application.php(673): Symfony\\Component\\Console\\Application->findNamespace('ide-helper')
#1 /Users/mozhui/Personal/playground/cmmicrofinance/vendor/symfony/console/Application.php(259): Symfony\\Component\\Console\\Application->find('ide-helper:gene...')
#2 /Users/mozhui/Personal/playground/cmmicrofinance/vendor/symfony/console/Application.php(171): Symfony\\Component\\Console\\Application->doRun(Object(Symfony\\Component\\Console\\Input\\ArgvInput), Object(Symfony\\Component\\Console\\Output\\ConsoleOutput))
#3 /Users/mozhui/Personal/playground/cmmicrofinance/vendor/laravel/framework/src/Illuminate/Console/Application.php(102): Symfony\\Component\\Console\\Application->run(Object(Symfony\\Component\\Console\\Input\\ArgvInput), Object(Symfony\\Component\\Console\\Output\\ConsoleOutput))
#4 /Users/mozhui/Personal/playground/cmmicrofinance/vendor/laravel/framework/src/Illuminate/Foundation/Console/Kernel.php(129): Illuminate\\Console\\Application->run(Object(Symfony\\Component\\Console\\Input\\ArgvInput), Object(Symfony\\Component\\Console\\Output\\ConsoleOutput))
#5 /Users/mozhui/Personal/playground/cmmicrofinance/artisan(37): Illuminate\\Foundation\\Console\\Kernel->handle(Object(Symfony\\Component\\Console\\Input\\ArgvInput), Object(Symfony\\Component\\Console\\Output\\ConsoleOutput))
#6 {main}
"} 
[2022-08-30 11:29:16] local.ERROR: There are no commands defined in the "ide-helper" namespace. {"exception":"[object] (Symfony\\Component\\Console\\Exception\\NamespaceNotFoundException(code: 0): There are no commands defined in the \"ide-helper\" namespace. at /Users/mozhui/Personal/playground/cmmicrofinance/vendor/symfony/console/Application.php:622)
[stacktrace]
#0 /Users/mozhui/Personal/playground/cmmicrofinance/vendor/symfony/console/Application.php(673): Symfony\\Component\\Console\\Application->findNamespace('ide-helper')
#1 /Users/mozhui/Personal/playground/cmmicrofinance/vendor/symfony/console/Application.php(259): Symfony\\Component\\Console\\Application->find('ide-helper:gene...')
#2 /Users/mozhui/Personal/playground/cmmicrofinance/vendor/symfony/console/Application.php(171): Symfony\\Component\\Console\\Application->doRun(Object(Symfony\\Component\\Console\\Input\\ArgvInput), Object(Symfony\\Component\\Console\\Output\\ConsoleOutput))
#3 /Users/mozhui/Personal/playground/cmmicrofinance/vendor/laravel/framework/src/Illuminate/Console/Application.php(102): Symfony\\Component\\Console\\Application->run(Object(Symfony\\Component\\Console\\Input\\ArgvInput), Object(Symfony\\Component\\Console\\Output\\ConsoleOutput))
#4 /Users/mozhui/Personal/playground/cmmicrofinance/vendor/laravel/framework/src/Illuminate/Foundation/Console/Kernel.php(129): Illuminate\\Console\\Application->run(Object(Symfony\\Component\\Console\\Input\\ArgvInput), Object(Symfony\\Component\\Console\\Output\\ConsoleOutput))
#5 /Users/mozhui/Personal/playground/cmmicrofinance/artisan(37): Illuminate\\Foundation\\Console\\Kernel->handle(Object(Symfony\\Component\\Console\\Input\\ArgvInput), Object(Symfony\\Component\\Console\\Output\\ConsoleOutput))
#6 {main}
"} 
[2022-08-30 11:32:02] local.ERROR: There are no commands defined in the "ide-helper" namespace. {"exception":"[object] (Symfony\\Component\\Console\\Exception\\NamespaceNotFoundException(code: 0): There are no commands defined in the \"ide-helper\" namespace. at /Users/mozhui/Personal/playground/cmmicrofinance/vendor/symfony/console/Application.php:622)
[stacktrace]
#0 /Users/mozhui/Personal/playground/cmmicrofinance/vendor/symfony/console/Application.php(673): Symfony\\Component\\Console\\Application->findNamespace('ide-helper')
#1 /Users/mozhui/Personal/playground/cmmicrofinance/vendor/symfony/console/Application.php(259): Symfony\\Component\\Console\\Application->find('ide-helper:gene...')
#2 /Users/mozhui/Personal/playground/cmmicrofinance/vendor/symfony/console/Application.php(171): Symfony\\Component\\Console\\Application->doRun(Object(Symfony\\Component\\Console\\Input\\ArgvInput), Object(Symfony\\Component\\Console\\Output\\ConsoleOutput))
#3 /Users/mozhui/Personal/playground/cmmicrofinance/vendor/laravel/framework/src/Illuminate/Console/Application.php(102): Symfony\\Component\\Console\\Application->run(Object(Symfony\\Component\\Console\\Input\\ArgvInput), Object(Symfony\\Component\\Console\\Output\\ConsoleOutput))
#4 /Users/mozhui/Personal/playground/cmmicrofinance/vendor/laravel/framework/src/Illuminate/Foundation/Console/Kernel.php(129): Illuminate\\Console\\Application->run(Object(Symfony\\Component\\Console\\Input\\ArgvInput), Object(Symfony\\Component\\Console\\Output\\ConsoleOutput))
#5 /Users/mozhui/Personal/playground/cmmicrofinance/artisan(37): Illuminate\\Foundation\\Console\\Kernel->handle(Object(Symfony\\Component\\Console\\Input\\ArgvInput), Object(Symfony\\Component\\Console\\Output\\ConsoleOutput))
#6 {main}
"} 
[2022-08-30 11:32:05] local.ERROR: There are no commands defined in the "ide-helper" namespace. {"exception":"[object] (Symfony\\Component\\Console\\Exception\\NamespaceNotFoundException(code: 0): There are no commands defined in the \"ide-helper\" namespace. at /Users/mozhui/Personal/playground/cmmicrofinance/vendor/symfony/console/Application.php:622)
[stacktrace]
#0 /Users/mozhui/Personal/playground/cmmicrofinance/vendor/symfony/console/Application.php(673): Symfony\\Component\\Console\\Application->findNamespace('ide-helper')
#1 /Users/mozhui/Personal/playground/cmmicrofinance/vendor/symfony/console/Application.php(259): Symfony\\Component\\Console\\Application->find('ide-helper:gene...')
#2 /Users/mozhui/Personal/playground/cmmicrofinance/vendor/symfony/console/Application.php(171): Symfony\\Component\\Console\\Application->doRun(Object(Symfony\\Component\\Console\\Input\\ArgvInput), Object(Symfony\\Component\\Console\\Output\\ConsoleOutput))
#3 /Users/mozhui/Personal/playground/cmmicrofinance/vendor/laravel/framework/src/Illuminate/Console/Application.php(102): Symfony\\Component\\Console\\Application->run(Object(Symfony\\Component\\Console\\Input\\ArgvInput), Object(Symfony\\Component\\Console\\Output\\ConsoleOutput))
#4 /Users/mozhui/Personal/playground/cmmicrofinance/vendor/laravel/framework/src/Illuminate/Foundation/Console/Kernel.php(129): Illuminate\\Console\\Application->run(Object(Symfony\\Component\\Console\\Input\\ArgvInput), Object(Symfony\\Component\\Console\\Output\\ConsoleOutput))
#5 /Users/mozhui/Personal/playground/cmmicrofinance/artisan(37): Illuminate\\Foundation\\Console\\Kernel->handle(Object(Symfony\\Component\\Console\\Input\\ArgvInput), Object(Symfony\\Component\\Console\\Output\\ConsoleOutput))
#6 {main}
"} 
[2022-08-30 11:32:05] local.ERROR: There are no commands defined in the "ide-helper" namespace. {"exception":"[object] (Symfony\\Component\\Console\\Exception\\NamespaceNotFoundException(code: 0): There are no commands defined in the \"ide-helper\" namespace. at /Users/mozhui/Personal/playground/cmmicrofinance/vendor/symfony/console/Application.php:622)
[stacktrace]
#0 /Users/mozhui/Personal/playground/cmmicrofinance/vendor/symfony/console/Application.php(673): Symfony\\Component\\Console\\Application->findNamespace('ide-helper')
#1 /Users/mozhui/Personal/playground/cmmicrofinance/vendor/symfony/console/Application.php(259): Symfony\\Component\\Console\\Application->find('ide-helper:gene...')
#2 /Users/mozhui/Personal/playground/cmmicrofinance/vendor/symfony/console/Application.php(171): Symfony\\Component\\Console\\Application->doRun(Object(Symfony\\Component\\Console\\Input\\ArgvInput), Object(Symfony\\Component\\Console\\Output\\ConsoleOutput))
#3 /Users/mozhui/Personal/playground/cmmicrofinance/vendor/laravel/framework/src/Illuminate/Console/Application.php(102): Symfony\\Component\\Console\\Application->run(Object(Symfony\\Component\\Console\\Input\\ArgvInput), Object(Symfony\\Component\\Console\\Output\\ConsoleOutput))
#4 /Users/mozhui/Personal/playground/cmmicrofinance/vendor/laravel/framework/src/Illuminate/Foundation/Console/Kernel.php(129): Illuminate\\Console\\Application->run(Object(Symfony\\Component\\Console\\Input\\ArgvInput), Object(Symfony\\Component\\Console\\Output\\ConsoleOutput))
#5 /Users/mozhui/Personal/playground/cmmicrofinance/artisan(37): Illuminate\\Foundation\\Console\\Kernel->handle(Object(Symfony\\Component\\Console\\Input\\ArgvInput), Object(Symfony\\Component\\Console\\Output\\ConsoleOutput))
#6 {main}
"} 
[2022-08-30 11:32:05] local.ERROR: There are no commands defined in the "ide-helper" namespace. {"exception":"[object] (Symfony\\Component\\Console\\Exception\\NamespaceNotFoundException(code: 0): There are no commands defined in the \"ide-helper\" namespace. at /Users/mozhui/Personal/playground/cmmicrofinance/vendor/symfony/console/Application.php:622)
[stacktrace]
#0 /Users/mozhui/Personal/playground/cmmicrofinance/vendor/symfony/console/Application.php(673): Symfony\\Component\\Console\\Application->findNamespace('ide-helper')
#1 /Users/mozhui/Personal/playground/cmmicrofinance/vendor/symfony/console/Application.php(259): Symfony\\Component\\Console\\Application->find('ide-helper:gene...')
#2 /Users/mozhui/Personal/playground/cmmicrofinance/vendor/symfony/console/Application.php(171): Symfony\\Component\\Console\\Application->doRun(Object(Symfony\\Component\\Console\\Input\\ArgvInput), Object(Symfony\\Component\\Console\\Output\\ConsoleOutput))
#3 /Users/mozhui/Personal/playground/cmmicrofinance/vendor/laravel/framework/src/Illuminate/Console/Application.php(102): Symfony\\Component\\Console\\Application->run(Object(Symfony\\Component\\Console\\Input\\ArgvInput), Object(Symfony\\Component\\Console\\Output\\ConsoleOutput))
#4 /Users/mozhui/Personal/playground/cmmicrofinance/vendor/laravel/framework/src/Illuminate/Foundation/Console/Kernel.php(129): Illuminate\\Console\\Application->run(Object(Symfony\\Component\\Console\\Input\\ArgvInput), Object(Symfony\\Component\\Console\\Output\\ConsoleOutput))
#5 /Users/mozhui/Personal/playground/cmmicrofinance/artisan(37): Illuminate\\Foundation\\Console\\Kernel->handle(Object(Symfony\\Component\\Console\\Input\\ArgvInput), Object(Symfony\\Component\\Console\\Output\\ConsoleOutput))
#6 {main}
"} 
[2022-08-30 11:32:06] local.ERROR: There are no commands defined in the "ide-helper" namespace. {"exception":"[object] (Symfony\\Component\\Console\\Exception\\NamespaceNotFoundException(code: 0): There are no commands defined in the \"ide-helper\" namespace. at /Users/mozhui/Personal/playground/cmmicrofinance/vendor/symfony/console/Application.php:622)
[stacktrace]
#0 /Users/mozhui/Personal/playground/cmmicrofinance/vendor/symfony/console/Application.php(673): Symfony\\Component\\Console\\Application->findNamespace('ide-helper')
#1 /Users/mozhui/Personal/playground/cmmicrofinance/vendor/symfony/console/Application.php(259): Symfony\\Component\\Console\\Application->find('ide-helper:gene...')
#2 /Users/mozhui/Personal/playground/cmmicrofinance/vendor/symfony/console/Application.php(171): Symfony\\Component\\Console\\Application->doRun(Object(Symfony\\Component\\Console\\Input\\ArgvInput), Object(Symfony\\Component\\Console\\Output\\ConsoleOutput))
#3 /Users/mozhui/Personal/playground/cmmicrofinance/vendor/laravel/framework/src/Illuminate/Console/Application.php(102): Symfony\\Component\\Console\\Application->run(Object(Symfony\\Component\\Console\\Input\\ArgvInput), Object(Symfony\\Component\\Console\\Output\\ConsoleOutput))
#4 /Users/mozhui/Personal/playground/cmmicrofinance/vendor/laravel/framework/src/Illuminate/Foundation/Console/Kernel.php(129): Illuminate\\Console\\Application->run(Object(Symfony\\Component\\Console\\Input\\ArgvInput), Object(Symfony\\Component\\Console\\Output\\ConsoleOutput))
#5 /Users/mozhui/Personal/playground/cmmicrofinance/artisan(37): Illuminate\\Foundation\\Console\\Kernel->handle(Object(Symfony\\Component\\Console\\Input\\ArgvInput), Object(Symfony\\Component\\Console\\Output\\ConsoleOutput))
#6 {main}
"} 
[2022-08-30 11:32:06] local.ERROR: There are no commands defined in the "ide-helper" namespace. {"exception":"[object] (Symfony\\Component\\Console\\Exception\\NamespaceNotFoundException(code: 0): There are no commands defined in the \"ide-helper\" namespace. at /Users/mozhui/Personal/playground/cmmicrofinance/vendor/symfony/console/Application.php:622)
[stacktrace]
#0 /Users/mozhui/Personal/playground/cmmicrofinance/vendor/symfony/console/Application.php(673): Symfony\\Component\\Console\\Application->findNamespace('ide-helper')
#1 /Users/mozhui/Personal/playground/cmmicrofinance/vendor/symfony/console/Application.php(259): Symfony\\Component\\Console\\Application->find('ide-helper:gene...')
#2 /Users/mozhui/Personal/playground/cmmicrofinance/vendor/symfony/console/Application.php(171): Symfony\\Component\\Console\\Application->doRun(Object(Symfony\\Component\\Console\\Input\\ArgvInput), Object(Symfony\\Component\\Console\\Output\\ConsoleOutput))
#3 /Users/mozhui/Personal/playground/cmmicrofinance/vendor/laravel/framework/src/Illuminate/Console/Application.php(102): Symfony\\Component\\Console\\Application->run(Object(Symfony\\Component\\Console\\Input\\ArgvInput), Object(Symfony\\Component\\Console\\Output\\ConsoleOutput))
#4 /Users/mozhui/Personal/playground/cmmicrofinance/vendor/laravel/framework/src/Illuminate/Foundation/Console/Kernel.php(129): Illuminate\\Console\\Application->run(Object(Symfony\\Component\\Console\\Input\\ArgvInput), Object(Symfony\\Component\\Console\\Output\\ConsoleOutput))
#5 /Users/mozhui/Personal/playground/cmmicrofinance/artisan(37): Illuminate\\Foundation\\Console\\Kernel->handle(Object(Symfony\\Component\\Console\\Input\\ArgvInput), Object(Symfony\\Component\\Console\\Output\\ConsoleOutput))
#6 {main}
"} 
[2022-08-30 11:32:06] local.ERROR: There are no commands defined in the "ide-helper" namespace. {"exception":"[object] (Symfony\\Component\\Console\\Exception\\NamespaceNotFoundException(code: 0): There are no commands defined in the \"ide-helper\" namespace. at /Users/mozhui/Personal/playground/cmmicrofinance/vendor/symfony/console/Application.php:622)
[stacktrace]
#0 /Users/mozhui/Personal/playground/cmmicrofinance/vendor/symfony/console/Application.php(673): Symfony\\Component\\Console\\Application->findNamespace('ide-helper')
#1 /Users/mozhui/Personal/playground/cmmicrofinance/vendor/symfony/console/Application.php(259): Symfony\\Component\\Console\\Application->find('ide-helper:gene...')
#2 /Users/mozhui/Personal/playground/cmmicrofinance/vendor/symfony/console/Application.php(171): Symfony\\Component\\Console\\Application->doRun(Object(Symfony\\Component\\Console\\Input\\ArgvInput), Object(Symfony\\Component\\Console\\Output\\ConsoleOutput))
#3 /Users/mozhui/Personal/playground/cmmicrofinance/vendor/laravel/framework/src/Illuminate/Console/Application.php(102): Symfony\\Component\\Console\\Application->run(Object(Symfony\\Component\\Console\\Input\\ArgvInput), Object(Symfony\\Component\\Console\\Output\\ConsoleOutput))
#4 /Users/mozhui/Personal/playground/cmmicrofinance/vendor/laravel/framework/src/Illuminate/Foundation/Console/Kernel.php(129): Illuminate\\Console\\Application->run(Object(Symfony\\Component\\Console\\Input\\ArgvInput), Object(Symfony\\Component\\Console\\Output\\ConsoleOutput))
#5 /Users/mozhui/Personal/playground/cmmicrofinance/artisan(37): Illuminate\\Foundation\\Console\\Kernel->handle(Object(Symfony\\Component\\Console\\Input\\ArgvInput), Object(Symfony\\Component\\Console\\Output\\ConsoleOutput))
#6 {main}
"} 
[2022-08-30 11:32:07] local.ERROR: There are no commands defined in the "ide-helper" namespace. {"exception":"[object] (Symfony\\Component\\Console\\Exception\\NamespaceNotFoundException(code: 0): There are no commands defined in the \"ide-helper\" namespace. at /Users/mozhui/Personal/playground/cmmicrofinance/vendor/symfony/console/Application.php:622)
[stacktrace]
#0 /Users/mozhui/Personal/playground/cmmicrofinance/vendor/symfony/console/Application.php(673): Symfony\\Component\\Console\\Application->findNamespace('ide-helper')
#1 /Users/mozhui/Personal/playground/cmmicrofinance/vendor/symfony/console/Application.php(259): Symfony\\Component\\Console\\Application->find('ide-helper:gene...')
#2 /Users/mozhui/Personal/playground/cmmicrofinance/vendor/symfony/console/Application.php(171): Symfony\\Component\\Console\\Application->doRun(Object(Symfony\\Component\\Console\\Input\\ArgvInput), Object(Symfony\\Component\\Console\\Output\\ConsoleOutput))
#3 /Users/mozhui/Personal/playground/cmmicrofinance/vendor/laravel/framework/src/Illuminate/Console/Application.php(102): Symfony\\Component\\Console\\Application->run(Object(Symfony\\Component\\Console\\Input\\ArgvInput), Object(Symfony\\Component\\Console\\Output\\ConsoleOutput))
#4 /Users/mozhui/Personal/playground/cmmicrofinance/vendor/laravel/framework/src/Illuminate/Foundation/Console/Kernel.php(129): Illuminate\\Console\\Application->run(Object(Symfony\\Component\\Console\\Input\\ArgvInput), Object(Symfony\\Component\\Console\\Output\\ConsoleOutput))
#5 /Users/mozhui/Personal/playground/cmmicrofinance/artisan(37): Illuminate\\Foundation\\Console\\Kernel->handle(Object(Symfony\\Component\\Console\\Input\\ArgvInput), Object(Symfony\\Component\\Console\\Output\\ConsoleOutput))
#6 {main}
"} 
[2022-08-30 11:32:07] local.ERROR: There are no commands defined in the "ide-helper" namespace. {"exception":"[object] (Symfony\\Component\\Console\\Exception\\NamespaceNotFoundException(code: 0): There are no commands defined in the \"ide-helper\" namespace. at /Users/mozhui/Personal/playground/cmmicrofinance/vendor/symfony/console/Application.php:622)
[stacktrace]
#0 /Users/mozhui/Personal/playground/cmmicrofinance/vendor/symfony/console/Application.php(673): Symfony\\Component\\Console\\Application->findNamespace('ide-helper')
#1 /Users/mozhui/Personal/playground/cmmicrofinance/vendor/symfony/console/Application.php(259): Symfony\\Component\\Console\\Application->find('ide-helper:gene...')
#2 /Users/mozhui/Personal/playground/cmmicrofinance/vendor/symfony/console/Application.php(171): Symfony\\Component\\Console\\Application->doRun(Object(Symfony\\Component\\Console\\Input\\ArgvInput), Object(Symfony\\Component\\Console\\Output\\ConsoleOutput))
#3 /Users/mozhui/Personal/playground/cmmicrofinance/vendor/laravel/framework/src/Illuminate/Console/Application.php(102): Symfony\\Component\\Console\\Application->run(Object(Symfony\\Component\\Console\\Input\\ArgvInput), Object(Symfony\\Component\\Console\\Output\\ConsoleOutput))
#4 /Users/mozhui/Personal/playground/cmmicrofinance/vendor/laravel/framework/src/Illuminate/Foundation/Console/Kernel.php(129): Illuminate\\Console\\Application->run(Object(Symfony\\Component\\Console\\Input\\ArgvInput), Object(Symfony\\Component\\Console\\Output\\ConsoleOutput))
#5 /Users/mozhui/Personal/playground/cmmicrofinance/artisan(37): Illuminate\\Foundation\\Console\\Kernel->handle(Object(Symfony\\Component\\Console\\Input\\ArgvInput), Object(Symfony\\Component\\Console\\Output\\ConsoleOutput))
#6 {main}
"} 
[2022-08-30 11:32:07] local.ERROR: There are no commands defined in the "ide-helper" namespace. {"exception":"[object] (Symfony\\Component\\Console\\Exception\\NamespaceNotFoundException(code: 0): There are no commands defined in the \"ide-helper\" namespace. at /Users/mozhui/Personal/playground/cmmicrofinance/vendor/symfony/console/Application.php:622)
[stacktrace]
#0 /Users/mozhui/Personal/playground/cmmicrofinance/vendor/symfony/console/Application.php(673): Symfony\\Component\\Console\\Application->findNamespace('ide-helper')
#1 /Users/mozhui/Personal/playground/cmmicrofinance/vendor/symfony/console/Application.php(259): Symfony\\Component\\Console\\Application->find('ide-helper:gene...')
#2 /Users/mozhui/Personal/playground/cmmicrofinance/vendor/symfony/console/Application.php(171): Symfony\\Component\\Console\\Application->doRun(Object(Symfony\\Component\\Console\\Input\\ArgvInput), Object(Symfony\\Component\\Console\\Output\\ConsoleOutput))
#3 /Users/mozhui/Personal/playground/cmmicrofinance/vendor/laravel/framework/src/Illuminate/Console/Application.php(102): Symfony\\Component\\Console\\Application->run(Object(Symfony\\Component\\Console\\Input\\ArgvInput), Object(Symfony\\Component\\Console\\Output\\ConsoleOutput))
#4 /Users/mozhui/Personal/playground/cmmicrofinance/vendor/laravel/framework/src/Illuminate/Foundation/Console/Kernel.php(129): Illuminate\\Console\\Application->run(Object(Symfony\\Component\\Console\\Input\\ArgvInput), Object(Symfony\\Component\\Console\\Output\\ConsoleOutput))
#5 /Users/mozhui/Personal/playground/cmmicrofinance/artisan(37): Illuminate\\Foundation\\Console\\Kernel->handle(Object(Symfony\\Component\\Console\\Input\\ArgvInput), Object(Symfony\\Component\\Console\\Output\\ConsoleOutput))
#6 {main}
"} 
[2022-08-30 11:32:08] local.ERROR: There are no commands defined in the "ide-helper" namespace. {"exception":"[object] (Symfony\\Component\\Console\\Exception\\NamespaceNotFoundException(code: 0): There are no commands defined in the \"ide-helper\" namespace. at /Users/mozhui/Personal/playground/cmmicrofinance/vendor/symfony/console/Application.php:622)
[stacktrace]
#0 /Users/mozhui/Personal/playground/cmmicrofinance/vendor/symfony/console/Application.php(673): Symfony\\Component\\Console\\Application->findNamespace('ide-helper')
#1 /Users/mozhui/Personal/playground/cmmicrofinance/vendor/symfony/console/Application.php(259): Symfony\\Component\\Console\\Application->find('ide-helper:gene...')
#2 /Users/mozhui/Personal/playground/cmmicrofinance/vendor/symfony/console/Application.php(171): Symfony\\Component\\Console\\Application->doRun(Object(Symfony\\Component\\Console\\Input\\ArgvInput), Object(Symfony\\Component\\Console\\Output\\ConsoleOutput))
#3 /Users/mozhui/Personal/playground/cmmicrofinance/vendor/laravel/framework/src/Illuminate/Console/Application.php(102): Symfony\\Component\\Console\\Application->run(Object(Symfony\\Component\\Console\\Input\\ArgvInput), Object(Symfony\\Component\\Console\\Output\\ConsoleOutput))
#4 /Users/mozhui/Personal/playground/cmmicrofinance/vendor/laravel/framework/src/Illuminate/Foundation/Console/Kernel.php(129): Illuminate\\Console\\Application->run(Object(Symfony\\Component\\Console\\Input\\ArgvInput), Object(Symfony\\Component\\Console\\Output\\ConsoleOutput))
#5 /Users/mozhui/Personal/playground/cmmicrofinance/artisan(37): Illuminate\\Foundation\\Console\\Kernel->handle(Object(Symfony\\Component\\Console\\Input\\ArgvInput), Object(Symfony\\Component\\Console\\Output\\ConsoleOutput))
#6 {main}
"} 
[2022-08-30 11:37:21] local.ERROR: There are no commands defined in the "ide-helper" namespace. {"exception":"[object] (Symfony\\Component\\Console\\Exception\\NamespaceNotFoundException(code: 0): There are no commands defined in the \"ide-helper\" namespace. at /Users/mozhui/Personal/playground/cmmicrofinance/vendor/symfony/console/Application.php:622)
[stacktrace]
#0 /Users/mozhui/Personal/playground/cmmicrofinance/vendor/symfony/console/Application.php(673): Symfony\\Component\\Console\\Application->findNamespace('ide-helper')
#1 /Users/mozhui/Personal/playground/cmmicrofinance/vendor/symfony/console/Application.php(259): Symfony\\Component\\Console\\Application->find('ide-helper:gene...')
#2 /Users/mozhui/Personal/playground/cmmicrofinance/vendor/symfony/console/Application.php(171): Symfony\\Component\\Console\\Application->doRun(Object(Symfony\\Component\\Console\\Input\\ArgvInput), Object(Symfony\\Component\\Console\\Output\\ConsoleOutput))
#3 /Users/mozhui/Personal/playground/cmmicrofinance/vendor/laravel/framework/src/Illuminate/Console/Application.php(102): Symfony\\Component\\Console\\Application->run(Object(Symfony\\Component\\Console\\Input\\ArgvInput), Object(Symfony\\Component\\Console\\Output\\ConsoleOutput))
#4 /Users/mozhui/Personal/playground/cmmicrofinance/vendor/laravel/framework/src/Illuminate/Foundation/Console/Kernel.php(129): Illuminate\\Console\\Application->run(Object(Symfony\\Component\\Console\\Input\\ArgvInput), Object(Symfony\\Component\\Console\\Output\\ConsoleOutput))
#5 /Users/mozhui/Personal/playground/cmmicrofinance/artisan(37): Illuminate\\Foundation\\Console\\Kernel->handle(Object(Symfony\\Component\\Console\\Input\\ArgvInput), Object(Symfony\\Component\\Console\\Output\\ConsoleOutput))
#6 {main}
"} 
[2022-08-30 11:56:18] local.ERROR: Class "App\Http\Controllers\Hash" not found {"userId":1,"exception":"[object] (Error(code: 0): Class \"App\\Http\\Controllers\\Hash\" not found at /opt/homebrew/var/www/cmmicrofinance/app/Http/Controllers/UserMasterController.php:55)
[stacktrace]
#0 /opt/homebrew/var/www/cmmicrofinance/vendor/laravel/framework/src/Illuminate/Routing/Controller.php(54): App\\Http\\Controllers\\UserMasterController->store(Object(Illuminate\\Http\\Request))
#1 /opt/homebrew/var/www/cmmicrofinance/vendor/laravel/framework/src/Illuminate/Routing/ControllerDispatcher.php(45): Illuminate\\Routing\\Controller->callAction('store', Array)
#2 /opt/homebrew/var/www/cmmicrofinance/vendor/laravel/framework/src/Illuminate/Routing/Route.php(261): Illuminate\\Routing\\ControllerDispatcher->dispatch(Object(Illuminate\\Routing\\Route), Object(App\\Http\\Controllers\\UserMasterController), 'store')
#3 /opt/homebrew/var/www/cmmicrofinance/vendor/laravel/framework/src/Illuminate/Routing/Route.php(204): Illuminate\\Routing\\Route->runController()
#4 /opt/homebrew/var/www/cmmicrofinance/vendor/laravel/framework/src/Illuminate/Routing/Router.php(725): Illuminate\\Routing\\Route->run()
#5 /opt/homebrew/var/www/cmmicrofinance/vendor/laravel/framework/src/Illuminate/Pipeline/Pipeline.php(141): Illuminate\\Routing\\Router->Illuminate\\Routing\\{closure}(Object(Illuminate\\Http\\Request))
#6 /opt/homebrew/var/www/cmmicrofinance/vendor/laravel/framework/src/Illuminate/Routing/Middleware/SubstituteBindings.php(50): Illuminate\\Pipeline\\Pipeline->Illuminate\\Pipeline\\{closure}(Object(Illuminate\\Http\\Request))
#7 /opt/homebrew/var/www/cmmicrofinance/vendor/laravel/framework/src/Illuminate/Pipeline/Pipeline.php(180): Illuminate\\Routing\\Middleware\\SubstituteBindings->handle(Object(Illuminate\\Http\\Request), Object(Closure))
#8 /opt/homebrew/var/www/cmmicrofinance/vendor/laravel/framework/src/Illuminate/Auth/Middleware/Authenticate.php(44): Illuminate\\Pipeline\\Pipeline->Illuminate\\Pipeline\\{closure}(Object(Illuminate\\Http\\Request))
#9 /opt/homebrew/var/www/cmmicrofinance/vendor/laravel/framework/src/Illuminate/Pipeline/Pipeline.php(180): Illuminate\\Auth\\Middleware\\Authenticate->handle(Object(Illuminate\\Http\\Request), Object(Closure))
#10 /opt/homebrew/var/www/cmmicrofinance/vendor/laravel/framework/src/Illuminate/Foundation/Http/Middleware/VerifyCsrfToken.php(78): Illuminate\\Pipeline\\Pipeline->Illuminate\\Pipeline\\{closure}(Object(Illuminate\\Http\\Request))
#11 /opt/homebrew/var/www/cmmicrofinance/vendor/laravel/framework/src/Illuminate/Pipeline/Pipeline.php(180): Illuminate\\Foundation\\Http\\Middleware\\VerifyCsrfToken->handle(Object(Illuminate\\Http\\Request), Object(Closure))
#12 /opt/homebrew/var/www/cmmicrofinance/vendor/laravel/framework/src/Illuminate/View/Middleware/ShareErrorsFromSession.php(49): Illuminate\\Pipeline\\Pipeline->Illuminate\\Pipeline\\{closure}(Object(Illuminate\\Http\\Request))
#13 /opt/homebrew/var/www/cmmicrofinance/vendor/laravel/framework/src/Illuminate/Pipeline/Pipeline.php(180): Illuminate\\View\\Middleware\\ShareErrorsFromSession->handle(Object(Illuminate\\Http\\Request), Object(Closure))
#14 /opt/homebrew/var/www/cmmicrofinance/vendor/laravel/framework/src/Illuminate/Session/Middleware/StartSession.php(121): Illuminate\\Pipeline\\Pipeline->Illuminate\\Pipeline\\{closure}(Object(Illuminate\\Http\\Request))
#15 /opt/homebrew/var/www/cmmicrofinance/vendor/laravel/framework/src/Illuminate/Session/Middleware/StartSession.php(64): Illuminate\\Session\\Middleware\\StartSession->handleStatefulRequest(Object(Illuminate\\Http\\Request), Object(Illuminate\\Session\\Store), Object(Closure))
#16 /opt/homebrew/var/www/cmmicrofinance/vendor/laravel/framework/src/Illuminate/Pipeline/Pipeline.php(180): Illuminate\\Session\\Middleware\\StartSession->handle(Object(Illuminate\\Http\\Request), Object(Closure))
#17 /opt/homebrew/var/www/cmmicrofinance/vendor/laravel/framework/src/Illuminate/Cookie/Middleware/AddQueuedCookiesToResponse.php(37): Illuminate\\Pipeline\\Pipeline->Illuminate\\Pipeline\\{closure}(Object(Illuminate\\Http\\Request))
#18 /opt/homebrew/var/www/cmmicrofinance/vendor/laravel/framework/src/Illuminate/Pipeline/Pipeline.php(180): Illuminate\\Cookie\\Middleware\\AddQueuedCookiesToResponse->handle(Object(Illuminate\\Http\\Request), Object(Closure))
#19 /opt/homebrew/var/www/cmmicrofinance/vendor/laravel/framework/src/Illuminate/Cookie/Middleware/EncryptCookies.php(67): Illuminate\\Pipeline\\Pipeline->Illuminate\\Pipeline\\{closure}(Object(Illuminate\\Http\\Request))
#20 /opt/homebrew/var/www/cmmicrofinance/vendor/laravel/framework/src/Illuminate/Pipeline/Pipeline.php(180): Illuminate\\Cookie\\Middleware\\EncryptCookies->handle(Object(Illuminate\\Http\\Request), Object(Closure))
#21 /opt/homebrew/var/www/cmmicrofinance/vendor/laravel/framework/src/Illuminate/Pipeline/Pipeline.php(116): Illuminate\\Pipeline\\Pipeline->Illuminate\\Pipeline\\{closure}(Object(Illuminate\\Http\\Request))
#22 /opt/homebrew/var/www/cmmicrofinance/vendor/laravel/framework/src/Illuminate/Routing/Router.php(726): Illuminate\\Pipeline\\Pipeline->then(Object(Closure))
#23 /opt/homebrew/var/www/cmmicrofinance/vendor/laravel/framework/src/Illuminate/Routing/Router.php(703): Illuminate\\Routing\\Router->runRouteWithinStack(Object(Illuminate\\Routing\\Route), Object(Illuminate\\Http\\Request))
#24 /opt/homebrew/var/www/cmmicrofinance/vendor/laravel/framework/src/Illuminate/Routing/Router.php(667): Illuminate\\Routing\\Router->runRoute(Object(Illuminate\\Http\\Request), Object(Illuminate\\Routing\\Route))
#25 /opt/homebrew/var/www/cmmicrofinance/vendor/laravel/framework/src/Illuminate/Routing/Router.php(656): Illuminate\\Routing\\Router->dispatchToRoute(Object(Illuminate\\Http\\Request))
#26 /opt/homebrew/var/www/cmmicrofinance/vendor/laravel/framework/src/Illuminate/Foundation/Http/Kernel.php(167): Illuminate\\Routing\\Router->dispatch(Object(Illuminate\\Http\\Request))
#27 /opt/homebrew/var/www/cmmicrofinance/vendor/laravel/framework/src/Illuminate/Pipeline/Pipeline.php(141): Illuminate\\Foundation\\Http\\Kernel->Illuminate\\Foundation\\Http\\{closure}(Object(Illuminate\\Http\\Request))
#28 /opt/homebrew/var/www/cmmicrofinance/vendor/laravel/framework/src/Illuminate/Foundation/Http/Middleware/TransformsRequest.php(21): Illuminate\\Pipeline\\Pipeline->Illuminate\\Pipeline\\{closure}(Object(Illuminate\\Http\\Request))
#29 /opt/homebrew/var/www/cmmicrofinance/vendor/laravel/framework/src/Illuminate/Foundation/Http/Middleware/ConvertEmptyStringsToNull.php(31): Illuminate\\Foundation\\Http\\Middleware\\TransformsRequest->handle(Object(Illuminate\\Http\\Request), Object(Closure))
#30 /opt/homebrew/var/www/cmmicrofinance/vendor/laravel/framework/src/Illuminate/Pipeline/Pipeline.php(180): Illuminate\\Foundation\\Http\\Middleware\\ConvertEmptyStringsToNull->handle(Object(Illuminate\\Http\\Request), Object(Closure))
#31 /opt/homebrew/var/www/cmmicrofinance/vendor/laravel/framework/src/Illuminate/Foundation/Http/Middleware/TransformsRequest.php(21): Illuminate\\Pipeline\\Pipeline->Illuminate\\Pipeline\\{closure}(Object(Illuminate\\Http\\Request))
#32 /opt/homebrew/var/www/cmmicrofinance/vendor/laravel/framework/src/Illuminate/Foundation/Http/Middleware/TrimStrings.php(40): Illuminate\\Foundation\\Http\\Middleware\\TransformsRequest->handle(Object(Illuminate\\Http\\Request), Object(Closure))
#33 /opt/homebrew/var/www/cmmicrofinance/vendor/laravel/framework/src/Illuminate/Pipeline/Pipeline.php(180): Illuminate\\Foundation\\Http\\Middleware\\TrimStrings->handle(Object(Illuminate\\Http\\Request), Object(Closure))
#34 /opt/homebrew/var/www/cmmicrofinance/vendor/laravel/framework/src/Illuminate/Foundation/Http/Middleware/ValidatePostSize.php(27): Illuminate\\Pipeline\\Pipeline->Illuminate\\Pipeline\\{closure}(Object(Illuminate\\Http\\Request))
#35 /opt/homebrew/var/www/cmmicrofinance/vendor/laravel/framework/src/Illuminate/Pipeline/Pipeline.php(180): Illuminate\\Foundation\\Http\\Middleware\\ValidatePostSize->handle(Object(Illuminate\\Http\\Request), Object(Closure))
#36 /opt/homebrew/var/www/cmmicrofinance/vendor/laravel/framework/src/Illuminate/Foundation/Http/Middleware/PreventRequestsDuringMaintenance.php(86): Illuminate\\Pipeline\\Pipeline->Illuminate\\Pipeline\\{closure}(Object(Illuminate\\Http\\Request))
#37 /opt/homebrew/var/www/cmmicrofinance/vendor/laravel/framework/src/Illuminate/Pipeline/Pipeline.php(180): Illuminate\\Foundation\\Http\\Middleware\\PreventRequestsDuringMaintenance->handle(Object(Illuminate\\Http\\Request), Object(Closure))
#38 /opt/homebrew/var/www/cmmicrofinance/vendor/laravel/framework/src/Illuminate/Http/Middleware/HandleCors.php(49): Illuminate\\Pipeline\\Pipeline->Illuminate\\Pipeline\\{closure}(Object(Illuminate\\Http\\Request))
#39 /opt/homebrew/var/www/cmmicrofinance/vendor/laravel/framework/src/Illuminate/Pipeline/Pipeline.php(180): Illuminate\\Http\\Middleware\\HandleCors->handle(Object(Illuminate\\Http\\Request), Object(Closure))
#40 /opt/homebrew/var/www/cmmicrofinance/vendor/laravel/framework/src/Illuminate/Http/Middleware/TrustProxies.php(39): Illuminate\\Pipeline\\Pipeline->Illuminate\\Pipeline\\{closure}(Object(Illuminate\\Http\\Request))
#41 /opt/homebrew/var/www/cmmicrofinance/vendor/laravel/framework/src/Illuminate/Pipeline/Pipeline.php(180): Illuminate\\Http\\Middleware\\TrustProxies->handle(Object(Illuminate\\Http\\Request), Object(Closure))
#42 /opt/homebrew/var/www/cmmicrofinance/vendor/laravel/framework/src/Illuminate/Pipeline/Pipeline.php(116): Illuminate\\Pipeline\\Pipeline->Illuminate\\Pipeline\\{closure}(Object(Illuminate\\Http\\Request))
#43 /opt/homebrew/var/www/cmmicrofinance/vendor/laravel/framework/src/Illuminate/Foundation/Http/Kernel.php(142): Illuminate\\Pipeline\\Pipeline->then(Object(Closure))
#44 /opt/homebrew/var/www/cmmicrofinance/vendor/laravel/framework/src/Illuminate/Foundation/Http/Kernel.php(111): Illuminate\\Foundation\\Http\\Kernel->sendRequestThroughRouter(Object(Illuminate\\Http\\Request))
#45 /opt/homebrew/var/www/cmmicrofinance/public/index.php(52): Illuminate\\Foundation\\Http\\Kernel->handle(Object(Illuminate\\Http\\Request))
#46 /opt/homebrew/var/www/cmmicrofinance/vendor/laravel/framework/src/Illuminate/Foundation/resources/server.php(16): require_once('/opt/homebrew/v...')
#47 {main}
"} 
